[2025-03-30T23:20:13.938+0000] {local_task_job_runner.py:123} INFO - ::group::Pre task execution logs
[2025-03-30T23:20:13.951+0000] {taskinstance.py:2614} INFO - Dependencies all met for dep_context=non-requeueable deps ti=<TaskInstance: sales_data.setup_dbt_env manual__2025-03-30T23:20:12.337695+00:00 [queued]>
[2025-03-30T23:20:13.955+0000] {taskinstance.py:2614} INFO - Dependencies all met for dep_context=requeueable deps ti=<TaskInstance: sales_data.setup_dbt_env manual__2025-03-30T23:20:12.337695+00:00 [queued]>
[2025-03-30T23:20:13.955+0000] {taskinstance.py:2867} INFO - Starting attempt 1 of 1
[2025-03-30T23:20:13.960+0000] {taskinstance.py:2890} INFO - Executing <Task(BashOperator): setup_dbt_env> on 2025-03-30 23:20:12.337695+00:00
[2025-03-30T23:20:13.966+0000] {logging_mixin.py:190} WARNING - /home/airflow/.local/lib/python3.12/site-packages/airflow/task/task_runner/standard_task_runner.py:70 DeprecationWarning: This process (pid=235) is multi-threaded, use of fork() may lead to deadlocks in the child.
[2025-03-30T23:20:13.967+0000] {standard_task_runner.py:72} INFO - Started process 236 to run task
[2025-03-30T23:20:13.966+0000] {standard_task_runner.py:104} INFO - Running: ['airflow', 'tasks', 'run', 'sales_data', 'setup_dbt_env', 'manual__2025-03-30T23:20:12.337695+00:00', '--job-id', '61', '--raw', '--subdir', 'DAGS_FOLDER/sales.py', '--cfg-path', '/tmp/tmpbr0cx0bf']
[2025-03-30T23:20:13.967+0000] {standard_task_runner.py:105} INFO - Job 61: Subtask setup_dbt_env
[2025-03-30T23:20:14.000+0000] {task_command.py:467} INFO - Running <TaskInstance: sales_data.setup_dbt_env manual__2025-03-30T23:20:12.337695+00:00 [running]> on host 116604fba131
[2025-03-30T23:20:14.049+0000] {taskinstance.py:3134} INFO - Exporting env vars: AIRFLOW_CTX_DAG_OWNER='airflow' AIRFLOW_CTX_DAG_ID='sales_data' AIRFLOW_CTX_TASK_ID='setup_dbt_env' AIRFLOW_CTX_EXECUTION_DATE='2025-03-30T23:20:12.337695+00:00' AIRFLOW_CTX_TRY_NUMBER='1' AIRFLOW_CTX_DAG_RUN_ID='manual__2025-03-30T23:20:12.337695+00:00'
[2025-03-30T23:20:14.049+0000] {taskinstance.py:732} INFO - ::endgroup::
[2025-03-30T23:20:14.057+0000] {subprocess.py:78} INFO - Tmp dir root location: /tmp
[2025-03-30T23:20:14.057+0000] {subprocess.py:88} INFO - Running command: ['/usr/bin/bash', '-c', 'pip install dbt-core dbt-postgres']
[2025-03-30T23:20:14.064+0000] {subprocess.py:99} INFO - Output:
[2025-03-30T23:20:15.504+0000] {subprocess.py:106} INFO - Collecting dbt-core
[2025-03-30T23:20:15.647+0000] {subprocess.py:106} INFO -   Downloading dbt_core-1.9.3-py3-none-any.whl.metadata (4.0 kB)
[2025-03-30T23:20:15.806+0000] {subprocess.py:106} INFO - Collecting dbt-postgres
[2025-03-30T23:20:15.839+0000] {subprocess.py:106} INFO -   Downloading dbt_postgres-1.9.0-py3-none-any.whl.metadata (4.1 kB)
[2025-03-30T23:20:16.023+0000] {subprocess.py:106} INFO - Collecting agate<1.10,>=1.7.0 (from dbt-core)
[2025-03-30T23:20:16.057+0000] {subprocess.py:106} INFO -   Downloading agate-1.9.1-py2.py3-none-any.whl.metadata (3.2 kB)
[2025-03-30T23:20:16.068+0000] {subprocess.py:106} INFO - Requirement already satisfied: Jinja2<4,>=3.1.3 in /home/airflow/.local/lib/python3.12/site-packages (from dbt-core) (3.1.5)
[2025-03-30T23:20:16.211+0000] {subprocess.py:106} INFO - Collecting mashumaro<3.15,>=3.9 (from mashumaro[msgpack]<3.15,>=3.9->dbt-core)
[2025-03-30T23:20:16.239+0000] {subprocess.py:106} INFO -   Downloading mashumaro-3.14-py3-none-any.whl.metadata (114 kB)
[2025-03-30T23:20:16.310+0000] {subprocess.py:106} INFO - Requirement already satisfied: click<9.0,>=8.0.2 in /home/airflow/.local/lib/python3.12/site-packages (from dbt-core) (8.1.8)
[2025-03-30T23:20:16.352+0000] {subprocess.py:106} INFO - Collecting networkx<4.0,>=2.3 (from dbt-core)
[2025-03-30T23:20:16.384+0000] {subprocess.py:106} INFO -   Downloading networkx-3.4.2-py3-none-any.whl.metadata (6.3 kB)
[2025-03-30T23:20:16.718+0000] {subprocess.py:106} INFO - Collecting protobuf<6.0,>=5.0 (from dbt-core)
[2025-03-30T23:20:16.745+0000] {subprocess.py:106} INFO -   Downloading protobuf-5.29.4-cp38-abi3-manylinux2014_aarch64.whl.metadata (592 bytes)
[2025-03-30T23:20:16.752+0000] {subprocess.py:106} INFO - Requirement already satisfied: requests<3.0.0 in /home/airflow/.local/lib/python3.12/site-packages (from dbt-core) (2.32.3)
[2025-03-30T23:20:16.792+0000] {subprocess.py:106} INFO - Collecting snowplow-tracker<2.0,>=1.0.2 (from dbt-core)
[2025-03-30T23:20:16.823+0000] {subprocess.py:106} INFO -   Downloading snowplow_tracker-1.1.0-py3-none-any.whl.metadata (5.7 kB)
[2025-03-30T23:20:16.833+0000] {subprocess.py:106} INFO - Requirement already satisfied: pathspec<0.13,>=0.9 in /home/airflow/.local/lib/python3.12/site-packages (from dbt-core) (0.12.1)
[2025-03-30T23:20:16.834+0000] {subprocess.py:106} INFO - Requirement already satisfied: sqlparse<0.6.0,>=0.5.0 in /home/airflow/.local/lib/python3.12/site-packages (from dbt-core) (0.5.3)
[2025-03-30T23:20:16.987+0000] {subprocess.py:106} INFO - Collecting dbt-extractor<=0.6,>=0.5.0 (from dbt-core)
[2025-03-30T23:20:17.022+0000] {subprocess.py:106} INFO -   Downloading dbt_extractor-0.5.1-cp38-abi3-manylinux_2_17_aarch64.manylinux2014_aarch64.whl.metadata (4.2 kB)
[2025-03-30T23:20:17.180+0000] {subprocess.py:106} INFO - Collecting dbt-semantic-interfaces<0.8,>=0.7.4 (from dbt-core)
[2025-03-30T23:20:17.210+0000] {subprocess.py:106} INFO -   Downloading dbt_semantic_interfaces-0.7.4-py3-none-any.whl.metadata (2.6 kB)
[2025-03-30T23:20:17.376+0000] {subprocess.py:106} INFO - Collecting dbt-common<2.0,>=1.13.0 (from dbt-core)
[2025-03-30T23:20:17.407+0000] {subprocess.py:106} INFO -   Downloading dbt_common-1.16.0-py3-none-any.whl.metadata (4.9 kB)
[2025-03-30T23:20:17.577+0000] {subprocess.py:106} INFO - Collecting dbt-adapters<2.0,>=1.10.1 (from dbt-core)
[2025-03-30T23:20:17.608+0000] {subprocess.py:106} INFO -   Downloading dbt_adapters-1.14.3-py3-none-any.whl.metadata (4.5 kB)
[2025-03-30T23:20:17.617+0000] {subprocess.py:106} INFO - Requirement already satisfied: packaging>20.9 in /home/airflow/.local/lib/python3.12/site-packages (from dbt-core) (24.2)
[2025-03-30T23:20:17.618+0000] {subprocess.py:106} INFO - Requirement already satisfied: pytz>=2015.7 in /home/airflow/.local/lib/python3.12/site-packages (from dbt-core) (2025.1)
[2025-03-30T23:20:17.618+0000] {subprocess.py:106} INFO - Requirement already satisfied: pyyaml>=6.0 in /home/airflow/.local/lib/python3.12/site-packages (from dbt-core) (6.0.2)
[2025-03-30T23:20:17.771+0000] {subprocess.py:106} INFO - Collecting daff>=1.3.46 (from dbt-core)
[2025-03-30T23:20:17.814+0000] {subprocess.py:106} INFO -   Downloading daff-1.3.46.tar.gz (149 kB)
[2025-03-30T23:20:17.858+0000] {subprocess.py:106} INFO -   Installing build dependencies: started
[2025-03-30T23:20:20.199+0000] {subprocess.py:106} INFO -   Installing build dependencies: finished with status 'done'
[2025-03-30T23:20:20.199+0000] {subprocess.py:106} INFO -   Getting requirements to build wheel: started
[2025-03-30T23:20:20.541+0000] {subprocess.py:106} INFO -   Getting requirements to build wheel: finished with status 'done'
[2025-03-30T23:20:20.542+0000] {subprocess.py:106} INFO -   Preparing metadata (pyproject.toml): started
[2025-03-30T23:20:20.886+0000] {subprocess.py:106} INFO -   Preparing metadata (pyproject.toml): finished with status 'done'
[2025-03-30T23:20:20.887+0000] {subprocess.py:106} INFO - Requirement already satisfied: typing-extensions>=4.4 in /home/airflow/.local/lib/python3.12/site-packages (from dbt-core) (4.12.2)
[2025-03-30T23:20:20.897+0000] {subprocess.py:106} INFO - Requirement already satisfied: psycopg2-binary<3.0,>=2.9 in /home/airflow/.local/lib/python3.12/site-packages (from dbt-postgres) (2.9.10)
[2025-03-30T23:20:20.898+0000] {subprocess.py:106} INFO - Requirement already satisfied: Babel>=2.0 in /home/airflow/.local/lib/python3.12/site-packages (from agate<1.10,>=1.7.0->dbt-core) (2.17.0)
[2025-03-30T23:20:20.898+0000] {subprocess.py:106} INFO - Requirement already satisfied: isodate>=0.5.4 in /home/airflow/.local/lib/python3.12/site-packages (from agate<1.10,>=1.7.0->dbt-core) (0.7.2)
[2025-03-30T23:20:21.027+0000] {subprocess.py:106} INFO - Collecting leather>=0.3.2 (from agate<1.10,>=1.7.0->dbt-core)
[2025-03-30T23:20:21.056+0000] {subprocess.py:106} INFO -   Downloading leather-0.4.0-py2.py3-none-any.whl.metadata (2.8 kB)
[2025-03-30T23:20:21.096+0000] {subprocess.py:106} INFO - Collecting parsedatetime!=2.5,>=2.1 (from agate<1.10,>=1.7.0->dbt-core)
[2025-03-30T23:20:21.126+0000] {subprocess.py:106} INFO -   Downloading parsedatetime-2.6-py3-none-any.whl.metadata (4.7 kB)
[2025-03-30T23:20:21.132+0000] {subprocess.py:106} INFO - Requirement already satisfied: python-slugify>=1.2.1 in /home/airflow/.local/lib/python3.12/site-packages (from agate<1.10,>=1.7.0->dbt-core) (8.0.4)
[2025-03-30T23:20:21.168+0000] {subprocess.py:106} INFO - Collecting pytimeparse>=1.1.5 (from agate<1.10,>=1.7.0->dbt-core)
[2025-03-30T23:20:21.198+0000] {subprocess.py:106} INFO -   Downloading pytimeparse-1.1.8-py2.py3-none-any.whl.metadata (3.4 kB)
[2025-03-30T23:20:21.208+0000] {subprocess.py:106} INFO - Requirement already satisfied: colorama<0.5,>=0.3.9 in /home/airflow/.local/lib/python3.12/site-packages (from dbt-common<2.0,>=1.13.0->dbt-core) (0.4.6)
[2025-03-30T23:20:21.371+0000] {subprocess.py:106} INFO - Collecting deepdiff<8.0,>=7.0 (from dbt-common<2.0,>=1.13.0->dbt-core)
[2025-03-30T23:20:21.401+0000] {subprocess.py:106} INFO -   Downloading deepdiff-7.0.1-py3-none-any.whl.metadata (6.8 kB)
[2025-03-30T23:20:21.459+0000] {subprocess.py:106} INFO - Collecting isodate>=0.5.4 (from agate<1.10,>=1.7.0->dbt-core)
[2025-03-30T23:20:21.491+0000] {subprocess.py:106} INFO -   Downloading isodate-0.6.1-py2.py3-none-any.whl.metadata (9.6 kB)
[2025-03-30T23:20:21.498+0000] {subprocess.py:106} INFO - Requirement already satisfied: jsonschema<5.0,>=4.0 in /home/airflow/.local/lib/python3.12/site-packages (from dbt-common<2.0,>=1.13.0->dbt-core) (4.23.0)
[2025-03-30T23:20:21.507+0000] {subprocess.py:106} INFO - Requirement already satisfied: python-dateutil<3.0,>=2.0 in /home/airflow/.local/lib/python3.12/site-packages (from dbt-common<2.0,>=1.13.0->dbt-core) (2.9.0.post0)
[2025-03-30T23:20:21.508+0000] {subprocess.py:106} INFO - Requirement already satisfied: importlib-metadata<7,>=6.0 in /home/airflow/.local/lib/python3.12/site-packages (from dbt-semantic-interfaces<0.8,>=0.7.4->dbt-core) (6.11.0)
[2025-03-30T23:20:21.509+0000] {subprocess.py:106} INFO - Requirement already satisfied: more-itertools<11.0,>=8.0 in /home/airflow/.local/lib/python3.12/site-packages (from dbt-semantic-interfaces<0.8,>=0.7.4->dbt-core) (10.6.0)
[2025-03-30T23:20:21.509+0000] {subprocess.py:106} INFO - Requirement already satisfied: pydantic<3,>=1.10 in /home/airflow/.local/lib/python3.12/site-packages (from dbt-semantic-interfaces<0.8,>=0.7.4->dbt-core) (2.10.6)
[2025-03-30T23:20:21.511+0000] {subprocess.py:106} INFO - Requirement already satisfied: MarkupSafe>=2.0 in /home/airflow/.local/lib/python3.12/site-packages (from Jinja2<4,>=3.1.3->dbt-core) (3.0.2)
[2025-03-30T23:20:21.602+0000] {subprocess.py:106} INFO - Collecting msgpack>=0.5.6 (from mashumaro[msgpack]<3.15,>=3.9->dbt-core)
[2025-03-30T23:20:21.637+0000] {subprocess.py:106} INFO -   Downloading msgpack-1.1.0-cp312-cp312-manylinux_2_17_aarch64.manylinux2014_aarch64.whl.metadata (8.4 kB)
[2025-03-30T23:20:21.651+0000] {subprocess.py:106} INFO - Requirement already satisfied: charset-normalizer<4,>=2 in /home/airflow/.local/lib/python3.12/site-packages (from requests<3.0.0->dbt-core) (3.4.1)
[2025-03-30T23:20:21.652+0000] {subprocess.py:106} INFO - Requirement already satisfied: idna<4,>=2.5 in /home/airflow/.local/lib/python3.12/site-packages (from requests<3.0.0->dbt-core) (3.10)
[2025-03-30T23:20:21.652+0000] {subprocess.py:106} INFO - Requirement already satisfied: urllib3<3,>=1.21.1 in /home/airflow/.local/lib/python3.12/site-packages (from requests<3.0.0->dbt-core) (2.3.0)
[2025-03-30T23:20:21.652+0000] {subprocess.py:106} INFO - Requirement already satisfied: certifi>=2017.4.17 in /home/airflow/.local/lib/python3.12/site-packages (from requests<3.0.0->dbt-core) (2025.1.31)
[2025-03-30T23:20:21.657+0000] {subprocess.py:106} INFO - Requirement already satisfied: ordered-set<4.2.0,>=4.1.0 in /home/airflow/.local/lib/python3.12/site-packages (from deepdiff<8.0,>=7.0->dbt-common<2.0,>=1.13.0->dbt-core) (4.1.0)
[2025-03-30T23:20:21.660+0000] {subprocess.py:106} INFO - Requirement already satisfied: zipp>=0.5 in /home/airflow/.local/lib/python3.12/site-packages (from importlib-metadata<7,>=6.0->dbt-semantic-interfaces<0.8,>=0.7.4->dbt-core) (3.21.0)
[2025-03-30T23:20:21.660+0000] {subprocess.py:106} INFO - Requirement already satisfied: six in /home/airflow/.local/lib/python3.12/site-packages (from isodate>=0.5.4->agate<1.10,>=1.7.0->dbt-core) (1.17.0)
[2025-03-30T23:20:21.662+0000] {subprocess.py:106} INFO - Requirement already satisfied: attrs>=22.2.0 in /home/airflow/.local/lib/python3.12/site-packages (from jsonschema<5.0,>=4.0->dbt-common<2.0,>=1.13.0->dbt-core) (25.1.0)
[2025-03-30T23:20:21.662+0000] {subprocess.py:106} INFO - Requirement already satisfied: jsonschema-specifications>=2023.03.6 in /home/airflow/.local/lib/python3.12/site-packages (from jsonschema<5.0,>=4.0->dbt-common<2.0,>=1.13.0->dbt-core) (2024.10.1)
[2025-03-30T23:20:21.662+0000] {subprocess.py:106} INFO - Requirement already satisfied: referencing>=0.28.4 in /home/airflow/.local/lib/python3.12/site-packages (from jsonschema<5.0,>=4.0->dbt-common<2.0,>=1.13.0->dbt-core) (0.36.2)
[2025-03-30T23:20:21.662+0000] {subprocess.py:106} INFO - Requirement already satisfied: rpds-py>=0.7.1 in /home/airflow/.local/lib/python3.12/site-packages (from jsonschema<5.0,>=4.0->dbt-common<2.0,>=1.13.0->dbt-core) (0.22.3)
[2025-03-30T23:20:21.666+0000] {subprocess.py:106} INFO - Requirement already satisfied: annotated-types>=0.6.0 in /home/airflow/.local/lib/python3.12/site-packages (from pydantic<3,>=1.10->dbt-semantic-interfaces<0.8,>=0.7.4->dbt-core) (0.7.0)
[2025-03-30T23:20:21.666+0000] {subprocess.py:106} INFO - Requirement already satisfied: pydantic-core==2.27.2 in /home/airflow/.local/lib/python3.12/site-packages (from pydantic<3,>=1.10->dbt-semantic-interfaces<0.8,>=0.7.4->dbt-core) (2.27.2)
[2025-03-30T23:20:21.668+0000] {subprocess.py:106} INFO - Requirement already satisfied: text-unidecode>=1.3 in /home/airflow/.local/lib/python3.12/site-packages (from python-slugify>=1.2.1->agate<1.10,>=1.7.0->dbt-core) (1.3)
[2025-03-30T23:20:21.706+0000] {subprocess.py:106} INFO - Downloading dbt_core-1.9.3-py3-none-any.whl (946 kB)
[2025-03-30T23:20:21.830+0000] {subprocess.py:106} INFO -    ━━━━━━━━━━━━━━━━━━━━━━━━━━━━━━━━━━━━━━━━ 946.1/946.1 kB 7.0 MB/s eta 0:00:00
[2025-03-30T23:20:21.860+0000] {subprocess.py:106} INFO - Downloading dbt_postgres-1.9.0-py3-none-any.whl (35 kB)
[2025-03-30T23:20:21.893+0000] {subprocess.py:106} INFO - Downloading agate-1.9.1-py2.py3-none-any.whl (95 kB)
[2025-03-30T23:20:21.967+0000] {subprocess.py:106} INFO - Downloading dbt_adapters-1.14.3-py3-none-any.whl (171 kB)
[2025-03-30T23:20:22.013+0000] {subprocess.py:106} INFO - Downloading dbt_common-1.16.0-py3-none-any.whl (85 kB)
[2025-03-30T23:20:22.066+0000] {subprocess.py:106} INFO - Downloading dbt_extractor-0.5.1-cp38-abi3-manylinux_2_17_aarch64.manylinux2014_aarch64.whl (1.3 MB)
[2025-03-30T23:20:22.230+0000] {subprocess.py:106} INFO -    ━━━━━━━━━━━━━━━━━━━━━━━━━━━━━━━━━━━━━━━━ 1.3/1.3 MB 7.9 MB/s eta 0:00:00
[2025-03-30T23:20:22.262+0000] {subprocess.py:106} INFO - Downloading dbt_semantic_interfaces-0.7.4-py3-none-any.whl (141 kB)
[2025-03-30T23:20:22.314+0000] {subprocess.py:106} INFO - Downloading mashumaro-3.14-py3-none-any.whl (92 kB)
[2025-03-30T23:20:22.369+0000] {subprocess.py:106} INFO - Downloading networkx-3.4.2-py3-none-any.whl (1.7 MB)
[2025-03-30T23:20:22.559+0000] {subprocess.py:106} INFO -    ━━━━━━━━━━━━━━━━━━━━━━━━━━━━━━━━━━━━━━━━ 1.7/1.7 MB 8.7 MB/s eta 0:00:00
[2025-03-30T23:20:22.598+0000] {subprocess.py:106} INFO - Downloading protobuf-5.29.4-cp38-abi3-manylinux2014_aarch64.whl (319 kB)
[2025-03-30T23:20:22.649+0000] {subprocess.py:106} INFO - Downloading snowplow_tracker-1.1.0-py3-none-any.whl (44 kB)
[2025-03-30T23:20:22.685+0000] {subprocess.py:106} INFO - Downloading deepdiff-7.0.1-py3-none-any.whl (80 kB)
[2025-03-30T23:20:22.736+0000] {subprocess.py:106} INFO - Downloading isodate-0.6.1-py2.py3-none-any.whl (41 kB)
[2025-03-30T23:20:22.773+0000] {subprocess.py:106} INFO - Downloading leather-0.4.0-py2.py3-none-any.whl (30 kB)
[2025-03-30T23:20:22.813+0000] {subprocess.py:106} INFO - Downloading msgpack-1.1.0-cp312-cp312-manylinux_2_17_aarch64.manylinux2014_aarch64.whl (392 kB)
[2025-03-30T23:20:22.881+0000] {subprocess.py:106} INFO - Downloading parsedatetime-2.6-py3-none-any.whl (42 kB)
[2025-03-30T23:20:22.918+0000] {subprocess.py:106} INFO - Downloading pytimeparse-1.1.8-py2.py3-none-any.whl (10.0 kB)
[2025-03-30T23:20:22.936+0000] {subprocess.py:106} INFO - Building wheels for collected packages: daff
[2025-03-30T23:20:22.937+0000] {subprocess.py:106} INFO -   Building wheel for daff (pyproject.toml): started
[2025-03-30T23:20:23.380+0000] {subprocess.py:106} INFO -   Building wheel for daff (pyproject.toml): finished with status 'done'
[2025-03-30T23:20:23.381+0000] {subprocess.py:106} INFO -   Created wheel for daff: filename=daff-1.3.46-py3-none-any.whl size=145580 sha256=6426882c0dcdbb1e1e04baebf08ba71330c93a72cb504852d112074339609d1b
[2025-03-30T23:20:23.381+0000] {subprocess.py:106} INFO -   Stored in directory: /tmp/.cache/pip/wheels/88/ad/49/13ff24b45a6c4e12e5ae48071f7a63d6b78a475b179e01b54e
[2025-03-30T23:20:23.383+0000] {subprocess.py:106} INFO - Successfully built daff
[2025-03-30T23:20:23.643+0000] {subprocess.py:106} INFO - Installing collected packages: pytimeparse, parsedatetime, leather, daff, protobuf, networkx, msgpack, mashumaro, isodate, deepdiff, dbt-extractor, snowplow-tracker, agate, dbt-semantic-interfaces, dbt-common, dbt-adapters, dbt-core, dbt-postgres
[2025-03-30T23:20:23.872+0000] {subprocess.py:106} INFO -   Attempting uninstall: protobuf
[2025-03-30T23:20:23.877+0000] {subprocess.py:106} INFO -     Found existing installation: protobuf 4.25.6
[2025-03-30T23:20:23.882+0000] {subprocess.py:106} INFO -     Uninstalling protobuf-4.25.6:
[2025-03-30T23:20:23.892+0000] {subprocess.py:106} INFO -       Successfully uninstalled protobuf-4.25.6
[2025-03-30T23:20:24.807+0000] {subprocess.py:106} INFO -   Attempting uninstall: isodate
[2025-03-30T23:20:24.811+0000] {subprocess.py:106} INFO -     Found existing installation: isodate 0.7.2
[2025-03-30T23:20:24.815+0000] {subprocess.py:106} INFO -     Uninstalling isodate-0.7.2:
[2025-03-30T23:20:24.818+0000] {subprocess.py:106} INFO -       Successfully uninstalled isodate-0.7.2
[2025-03-30T23:20:25.344+0000] {subprocess.py:106} INFO - ERROR: pip's dependency resolver does not currently take into account all the packages that are installed. This behaviour is the source of the following dependency conflicts.
[2025-03-30T23:20:25.344+0000] {subprocess.py:106} INFO - opentelemetry-proto 1.27.0 requires protobuf<5.0,>=3.19, but you have protobuf 5.29.4 which is incompatible.
[2025-03-30T23:20:25.344+0000] {subprocess.py:106} INFO - Successfully installed agate-1.9.1 daff-1.3.46 dbt-adapters-1.14.3 dbt-common-1.16.0 dbt-core-1.9.3 dbt-extractor-0.5.1 dbt-postgres-1.9.0 dbt-semantic-interfaces-0.7.4 deepdiff-7.0.1 isodate-0.6.1 leather-0.4.0 mashumaro-3.14 msgpack-1.1.0 networkx-3.4.2 parsedatetime-2.6 protobuf-5.29.4 pytimeparse-1.1.8 snowplow-tracker-1.1.0
[2025-03-30T23:20:25.568+0000] {subprocess.py:106} INFO - 
[2025-03-30T23:20:25.569+0000] {subprocess.py:106} INFO - [notice] A new release of pip is available: 25.0 -> 25.0.1
[2025-03-30T23:20:25.569+0000] {subprocess.py:106} INFO - [notice] To update, run: pip install --upgrade pip
[2025-03-30T23:20:25.671+0000] {subprocess.py:110} INFO - Command exited with return code 0
[2025-03-30T23:20:25.703+0000] {taskinstance.py:341} INFO - ::group::Post task execution logs
[2025-03-30T23:20:25.704+0000] {taskinstance.py:353} INFO - Marking task as SUCCESS. dag_id=sales_data, task_id=setup_dbt_env, run_id=manual__2025-03-30T23:20:12.337695+00:00, execution_date=20250330T232012, start_date=20250330T232013, end_date=20250330T232025
[2025-03-30T23:20:25.783+0000] {local_task_job_runner.py:266} INFO - Task exited with return code 0
[2025-03-30T23:20:25.801+0000] {taskinstance.py:3901} INFO - 1 downstream tasks scheduled from follow-on schedule check
[2025-03-30T23:20:25.802+0000] {local_task_job_runner.py:245} INFO - ::endgroup::
