[2025-03-31T00:00:05.983+0000] {local_task_job_runner.py:123} INFO - ::group::Pre task execution logs
[2025-03-31T00:00:05.997+0000] {taskinstance.py:2614} INFO - Dependencies all met for dep_context=non-requeueable deps ti=<TaskInstance: sales_data.build_dbt scheduled__2025-03-30T00:00:00+00:00 [queued]>
[2025-03-31T00:00:06.002+0000] {taskinstance.py:2614} INFO - Dependencies all met for dep_context=requeueable deps ti=<TaskInstance: sales_data.build_dbt scheduled__2025-03-30T00:00:00+00:00 [queued]>
[2025-03-31T00:00:06.002+0000] {taskinstance.py:2867} INFO - Starting attempt 1 of 1
[2025-03-31T00:00:06.008+0000] {taskinstance.py:2890} INFO - Executing <Task(BashOperator): build_dbt> on 2025-03-30 00:00:00+00:00
[2025-03-31T00:00:06.013+0000] {standard_task_runner.py:104} INFO - Running: ['airflow', 'tasks', 'run', 'sales_data', 'build_dbt', 'scheduled__2025-03-30T00:00:00+00:00', '--job-id', '80', '--raw', '--subdir', 'DAGS_FOLDER/sales.py', '--cfg-path', '/tmp/tmp_624e0cg']
[2025-03-31T00:00:06.014+0000] {logging_mixin.py:190} WARNING - /home/airflow/.local/lib/python3.12/site-packages/airflow/task/task_runner/standard_task_runner.py:70 DeprecationWarning: This process (pid=722) is multi-threaded, use of fork() may lead to deadlocks in the child.
[2025-03-31T00:00:06.030+0000] {standard_task_runner.py:105} INFO - Job 80: Subtask build_dbt
[2025-03-31T00:00:06.030+0000] {standard_task_runner.py:72} INFO - Started process 723 to run task
[2025-03-31T00:00:06.171+0000] {task_command.py:467} INFO - Running <TaskInstance: sales_data.build_dbt scheduled__2025-03-30T00:00:00+00:00 [running]> on host e52df2a83a37
[2025-03-31T00:00:06.244+0000] {taskinstance.py:3134} INFO - Exporting env vars: AIRFLOW_CTX_DAG_OWNER='airflow' AIRFLOW_CTX_DAG_ID='sales_data' AIRFLOW_CTX_TASK_ID='build_dbt' AIRFLOW_CTX_EXECUTION_DATE='2025-03-30T00:00:00+00:00' AIRFLOW_CTX_TRY_NUMBER='1' AIRFLOW_CTX_DAG_RUN_ID='scheduled__2025-03-30T00:00:00+00:00'
[2025-03-31T00:00:06.244+0000] {taskinstance.py:732} INFO - ::endgroup::
[2025-03-31T00:00:06.254+0000] {subprocess.py:78} INFO - Tmp dir root location: /tmp
[2025-03-31T00:00:06.255+0000] {subprocess.py:88} INFO - Running command: ['/usr/bin/bash', '-c', 'cd ${AIRFLOW_HOME}/dags/dbt/hostaway_tht && dbt build --profiles-dir ./..']
[2025-03-31T00:00:06.263+0000] {subprocess.py:99} INFO - Output:
[2025-03-31T00:00:08.558+0000] {subprocess.py:106} INFO - [0m00:00:08  Running with dbt=1.9.3
[2025-03-31T00:00:09.019+0000] {subprocess.py:106} INFO - [0m00:00:09  Registered adapter: postgres=1.9.0
[2025-03-31T00:00:09.642+0000] {subprocess.py:106} INFO - [0m00:00:09  Found 5 models, 13 data tests, 1 source, 434 macros
[2025-03-31T00:00:09.644+0000] {subprocess.py:106} INFO - [0m00:00:09
[2025-03-31T00:00:09.644+0000] {subprocess.py:106} INFO - [0m00:00:09  Concurrency: 1 threads (target='dev')
[2025-03-31T00:00:09.645+0000] {subprocess.py:106} INFO - [0m00:00:09
[2025-03-31T00:00:09.818+0000] {subprocess.py:106} INFO - [0m00:00:09  1 of 18 START sql view model staging.staging__sales ............................ [RUN]
[2025-03-31T00:00:09.902+0000] {subprocess.py:106} INFO - [0m00:00:09  1 of 18 OK created sql view model staging.staging__sales ....................... [[32mCREATE VIEW[0m in 0.08s]
[2025-03-31T00:00:09.904+0000] {subprocess.py:106} INFO - [0m00:00:09  2 of 18 START test accepted_values_staging__sales_channel__Offline__Online ..... [RUN]
[2025-03-31T00:00:09.953+0000] {subprocess.py:106} INFO - [0m00:00:09  2 of 18 PASS accepted_values_staging__sales_channel__Offline__Online ........... [[32mPASS[0m in 0.05s]
[2025-03-31T00:00:09.956+0000] {subprocess.py:106} INFO - [0m00:00:09  3 of 18 START test not_null_staging__sales_id .................................. [RUN]
[2025-03-31T00:00:09.986+0000] {subprocess.py:106} INFO - [0m00:00:09  3 of 18 PASS not_null_staging__sales_id ........................................ [[32mPASS[0m in 0.03s]
[2025-03-31T00:00:09.987+0000] {subprocess.py:106} INFO - [0m00:00:09  4 of 18 START test not_null_staging__sales_product_id .......................... [RUN]
[2025-03-31T00:00:10.007+0000] {subprocess.py:106} INFO - [0m00:00:10  4 of 18 PASS not_null_staging__sales_product_id ................................ [[32mPASS[0m in 0.02s]
[2025-03-31T00:00:10.008+0000] {subprocess.py:106} INFO - [0m00:00:10  5 of 18 START test not_null_staging__sales_retailer_id ......................... [RUN]
[2025-03-31T00:00:10.025+0000] {subprocess.py:106} INFO - [0m00:00:10  5 of 18 PASS not_null_staging__sales_retailer_id ............................... [[32mPASS[0m in 0.02s]
[2025-03-31T00:00:10.026+0000] {subprocess.py:106} INFO - [0m00:00:10  6 of 18 START test unique_staging__sales_id .................................... [RUN]
[2025-03-31T00:00:10.052+0000] {subprocess.py:106} INFO - [0m00:00:10  6 of 18 PASS unique_staging__sales_id .......................................... [[32mPASS[0m in 0.02s]
[2025-03-31T00:00:10.055+0000] {subprocess.py:106} INFO - [0m00:00:10  7 of 18 START sql incremental model intermediate.intermediate__dim_products .... [RUN]
[2025-03-31T00:00:10.363+0000] {subprocess.py:106} INFO - [0m00:00:10  7 of 18 OK created sql incremental model intermediate.intermediate__dim_products  [[32mINSERT 0 9[0m in 0.31s]
[2025-03-31T00:00:10.364+0000] {subprocess.py:106} INFO - [0m00:00:10  8 of 18 START sql incremental model intermediate.intermediate__dim_retailers ... [RUN]
[2025-03-31T00:00:10.421+0000] {subprocess.py:106} INFO - [0m00:00:10  8 of 18 OK created sql incremental model intermediate.intermediate__dim_retailers  [[32mINSERT 0 3[0m in 0.06s]
[2025-03-31T00:00:10.422+0000] {subprocess.py:106} INFO - [0m00:00:10  9 of 18 START sql incremental model intermediate.intermediate__fact_sales ...... [RUN]
[2025-03-31T00:00:10.472+0000] {subprocess.py:106} INFO - [0m00:00:10  9 of 18 OK created sql incremental model intermediate.intermediate__fact_sales . [[32mINSERT 0 1[0m in 0.05s]
[2025-03-31T00:00:10.474+0000] {subprocess.py:106} INFO - [0m00:00:10  10 of 18 START test not_null_intermediate__dim_products_id ..................... [RUN]
[2025-03-31T00:00:10.506+0000] {subprocess.py:106} INFO - [0m00:00:10  10 of 18 PASS not_null_intermediate__dim_products_id ........................... [[32mPASS[0m in 0.03s]
[2025-03-31T00:00:10.509+0000] {subprocess.py:106} INFO - [0m00:00:10  11 of 18 START test unique_intermediate__dim_products_id ....................... [RUN]
[2025-03-31T00:00:10.532+0000] {subprocess.py:106} INFO - [0m00:00:10  11 of 18 PASS unique_intermediate__dim_products_id ............................. [[32mPASS[0m in 0.02s]
[2025-03-31T00:00:10.534+0000] {subprocess.py:106} INFO - [0m00:00:10  12 of 18 START test not_null_intermediate__dim_retailers_id .................... [RUN]
[2025-03-31T00:00:10.559+0000] {subprocess.py:106} INFO - [0m00:00:10  12 of 18 PASS not_null_intermediate__dim_retailers_id .......................... [[32mPASS[0m in 0.02s]
[2025-03-31T00:00:10.565+0000] {subprocess.py:106} INFO - [0m00:00:10  13 of 18 START test unique_intermediate__dim_retailers_id ...................... [RUN]
[2025-03-31T00:00:10.599+0000] {subprocess.py:106} INFO - [0m00:00:10  13 of 18 PASS unique_intermediate__dim_retailers_id ............................ [[32mPASS[0m in 0.03s]
[2025-03-31T00:00:10.602+0000] {subprocess.py:106} INFO - [0m00:00:10  14 of 18 START test not_null_intermediate__fact_sales_id ....................... [RUN]
[2025-03-31T00:00:10.633+0000] {subprocess.py:106} INFO - [0m00:00:10  14 of 18 PASS not_null_intermediate__fact_sales_id ............................. [[32mPASS[0m in 0.03s]
[2025-03-31T00:00:10.635+0000] {subprocess.py:106} INFO - [0m00:00:10  15 of 18 START test unique_intermediate__fact_sales_id ......................... [RUN]
[2025-03-31T00:00:10.688+0000] {subprocess.py:106} INFO - [0m00:00:10  15 of 18 PASS unique_intermediate__fact_sales_id ............................... [[32mPASS[0m in 0.05s]
[2025-03-31T00:00:10.691+0000] {subprocess.py:106} INFO - [0m00:00:10  16 of 18 START sql incremental model mart.sales_metrics ........................ [RUN]
[2025-03-31T00:00:10.782+0000] {subprocess.py:106} INFO - [0m00:00:10  16 of 18 OK created sql incremental model mart.sales_metrics ................... [[32mINSERT 0 1[0m in 0.09s]
[2025-03-31T00:00:10.785+0000] {subprocess.py:106} INFO - [0m00:00:10  17 of 18 START test not_null_sales_metrics_sale_date ........................... [RUN]
[2025-03-31T00:00:10.817+0000] {subprocess.py:106} INFO - [0m00:00:10  17 of 18 PASS not_null_sales_metrics_sale_date ................................. [[32mPASS[0m in 0.03s]
[2025-03-31T00:00:10.821+0000] {subprocess.py:106} INFO - [0m00:00:10  18 of 18 START test unique_sales_metrics_sale_date ............................. [RUN]
[2025-03-31T00:00:10.855+0000] {subprocess.py:106} INFO - [0m00:00:10  18 of 18 PASS unique_sales_metrics_sale_date ................................... [[32mPASS[0m in 0.03s]
[2025-03-31T00:00:10.867+0000] {subprocess.py:106} INFO - [0m00:00:10
[2025-03-31T00:00:10.867+0000] {subprocess.py:106} INFO - [0m00:00:10  Finished running 4 incremental models, 13 data tests, 1 view model in 0 hours 0 minutes and 1.22 seconds (1.22s).
[2025-03-31T00:00:10.966+0000] {subprocess.py:106} INFO - [0m00:00:10
[2025-03-31T00:00:10.966+0000] {subprocess.py:106} INFO - [0m00:00:10  [32mCompleted successfully[0m
[2025-03-31T00:00:10.967+0000] {subprocess.py:106} INFO - [0m00:00:10
[2025-03-31T00:00:10.967+0000] {subprocess.py:106} INFO - [0m00:00:10  Done. PASS=18 WARN=0 ERROR=0 SKIP=0 TOTAL=18
[2025-03-31T00:00:11.975+0000] {subprocess.py:110} INFO - Command exited with return code 0
[2025-03-31T00:00:12.031+0000] {taskinstance.py:341} INFO - ::group::Post task execution logs
[2025-03-31T00:00:12.031+0000] {taskinstance.py:353} INFO - Marking task as SUCCESS. dag_id=sales_data, task_id=build_dbt, run_id=scheduled__2025-03-30T00:00:00+00:00, execution_date=20250330T000000, start_date=20250331T000005, end_date=20250331T000012
[2025-03-31T00:00:12.091+0000] {local_task_job_runner.py:266} INFO - Task exited with return code 0
[2025-03-31T00:00:12.114+0000] {taskinstance.py:3901} INFO - 0 downstream tasks scheduled from follow-on schedule check
[2025-03-31T00:00:12.116+0000] {local_task_job_runner.py:245} INFO - ::endgroup::
