[2025-03-30T23:52:42.202+0000] {local_task_job_runner.py:123} INFO - ::group::Pre task execution logs
[2025-03-30T23:52:42.216+0000] {taskinstance.py:2614} INFO - Dependencies all met for dep_context=non-requeueable deps ti=<TaskInstance: sales_data.build_dbt manual__2025-03-30T23:52:26.601447+00:00 [queued]>
[2025-03-30T23:52:42.221+0000] {taskinstance.py:2614} INFO - Dependencies all met for dep_context=requeueable deps ti=<TaskInstance: sales_data.build_dbt manual__2025-03-30T23:52:26.601447+00:00 [queued]>
[2025-03-30T23:52:42.221+0000] {taskinstance.py:2867} INFO - Starting attempt 1 of 1
[2025-03-30T23:52:42.226+0000] {taskinstance.py:2890} INFO - Executing <Task(BashOperator): build_dbt> on 2025-03-30 23:52:26.601447+00:00
[2025-03-30T23:52:42.233+0000] {logging_mixin.py:190} WARNING - /home/airflow/.local/lib/python3.12/site-packages/airflow/task/task_runner/standard_task_runner.py:70 DeprecationWarning: This process (pid=313) is multi-threaded, use of fork() may lead to deadlocks in the child.
[2025-03-30T23:52:42.234+0000] {standard_task_runner.py:72} INFO - Started process 314 to run task
[2025-03-30T23:52:42.232+0000] {standard_task_runner.py:104} INFO - Running: ['airflow', 'tasks', 'run', 'sales_data', 'build_dbt', 'manual__2025-03-30T23:52:26.601447+00:00', '--job-id', '76', '--raw', '--subdir', 'DAGS_FOLDER/sales.py', '--cfg-path', '/tmp/tmplq_ic64s']
[2025-03-30T23:52:42.234+0000] {standard_task_runner.py:105} INFO - Job 76: Subtask build_dbt
[2025-03-30T23:52:42.280+0000] {task_command.py:467} INFO - Running <TaskInstance: sales_data.build_dbt manual__2025-03-30T23:52:26.601447+00:00 [running]> on host e52df2a83a37
[2025-03-30T23:52:42.337+0000] {taskinstance.py:3134} INFO - Exporting env vars: AIRFLOW_CTX_DAG_OWNER='airflow' AIRFLOW_CTX_DAG_ID='sales_data' AIRFLOW_CTX_TASK_ID='build_dbt' AIRFLOW_CTX_EXECUTION_DATE='2025-03-30T23:52:26.601447+00:00' AIRFLOW_CTX_TRY_NUMBER='1' AIRFLOW_CTX_DAG_RUN_ID='manual__2025-03-30T23:52:26.601447+00:00'
[2025-03-30T23:52:42.337+0000] {taskinstance.py:732} INFO - ::endgroup::
[2025-03-30T23:52:42.346+0000] {subprocess.py:78} INFO - Tmp dir root location: /tmp
[2025-03-30T23:52:42.346+0000] {subprocess.py:88} INFO - Running command: ['/usr/bin/bash', '-c', 'cd ${AIRFLOW_HOME}/dags/dbt/hostaway_tht && dbt build --profiles-dir ./..']
[2025-03-30T23:52:42.354+0000] {subprocess.py:99} INFO - Output:
[2025-03-30T23:52:43.548+0000] {subprocess.py:106} INFO - [0m23:52:43  Running with dbt=1.9.3
[2025-03-30T23:52:43.664+0000] {subprocess.py:106} INFO - [0m23:52:43  Registered adapter: postgres=1.9.0
[2025-03-30T23:52:43.881+0000] {subprocess.py:106} INFO - [0m23:52:43  Found 5 models, 13 data tests, 1 source, 434 macros
[2025-03-30T23:52:43.882+0000] {subprocess.py:106} INFO - [0m23:52:43
[2025-03-30T23:52:43.883+0000] {subprocess.py:106} INFO - [0m23:52:43  Concurrency: 1 threads (target='dev')
[2025-03-30T23:52:43.883+0000] {subprocess.py:106} INFO - [0m23:52:43
[2025-03-30T23:52:44.025+0000] {subprocess.py:106} INFO - [0m23:52:44  1 of 18 START sql view model staging.staging__sales ............................ [RUN]
[2025-03-30T23:52:44.083+0000] {subprocess.py:106} INFO - [0m23:52:44  1 of 18 OK created sql view model staging.staging__sales ....................... [[32mCREATE VIEW[0m in 0.06s]
[2025-03-30T23:52:44.084+0000] {subprocess.py:106} INFO - [0m23:52:44  2 of 18 START test accepted_values_staging__sales_channel__Offline__Online ..... [RUN]
[2025-03-30T23:52:44.115+0000] {subprocess.py:106} INFO - [0m23:52:44  2 of 18 PASS accepted_values_staging__sales_channel__Offline__Online ........... [[32mPASS[0m in 0.03s]
[2025-03-30T23:52:44.116+0000] {subprocess.py:106} INFO - [0m23:52:44  3 of 18 START test not_null_staging__sales_id .................................. [RUN]
[2025-03-30T23:52:44.134+0000] {subprocess.py:106} INFO - [0m23:52:44  3 of 18 PASS not_null_staging__sales_id ........................................ [[32mPASS[0m in 0.02s]
[2025-03-30T23:52:44.135+0000] {subprocess.py:106} INFO - [0m23:52:44  4 of 18 START test not_null_staging__sales_product_id .......................... [RUN]
[2025-03-30T23:52:44.151+0000] {subprocess.py:106} INFO - [0m23:52:44  4 of 18 PASS not_null_staging__sales_product_id ................................ [[32mPASS[0m in 0.02s]
[2025-03-30T23:52:44.152+0000] {subprocess.py:106} INFO - [0m23:52:44  5 of 18 START test not_null_staging__sales_retailer_id ......................... [RUN]
[2025-03-30T23:52:44.169+0000] {subprocess.py:106} INFO - [0m23:52:44  5 of 18 PASS not_null_staging__sales_retailer_id ............................... [[32mPASS[0m in 0.02s]
[2025-03-30T23:52:44.170+0000] {subprocess.py:106} INFO - [0m23:52:44  6 of 18 START test unique_staging__sales_id .................................... [RUN]
[2025-03-30T23:52:44.188+0000] {subprocess.py:106} INFO - [0m23:52:44  6 of 18 PASS unique_staging__sales_id .......................................... [[32mPASS[0m in 0.02s]
[2025-03-30T23:52:44.190+0000] {subprocess.py:106} INFO - [0m23:52:44  7 of 18 START sql incremental model intermediate.intermediate__dim_products .... [RUN]
[2025-03-30T23:52:44.229+0000] {subprocess.py:106} INFO - [0m23:52:44  7 of 18 OK created sql incremental model intermediate.intermediate__dim_products  [[32mSELECT 9[0m in 0.04s]
[2025-03-30T23:52:44.231+0000] {subprocess.py:106} INFO - [0m23:52:44  8 of 18 START sql incremental model intermediate.intermediate__dim_retailers ... [RUN]
[2025-03-30T23:52:44.250+0000] {subprocess.py:106} INFO - [0m23:52:44  8 of 18 OK created sql incremental model intermediate.intermediate__dim_retailers  [[32mSELECT 3[0m in 0.02s]
[2025-03-30T23:52:44.251+0000] {subprocess.py:106} INFO - [0m23:52:44  9 of 18 START sql incremental model intermediate.intermediate__fact_sales ...... [RUN]
[2025-03-30T23:52:44.275+0000] {subprocess.py:106} INFO - [0m23:52:44  9 of 18 OK created sql incremental model intermediate.intermediate__fact_sales . [[32mSELECT 1005[0m in 0.02s]
[2025-03-30T23:52:44.276+0000] {subprocess.py:106} INFO - [0m23:52:44  10 of 18 START test not_null_intermediate__dim_products_id ..................... [RUN]
[2025-03-30T23:52:44.291+0000] {subprocess.py:106} INFO - [0m23:52:44  10 of 18 PASS not_null_intermediate__dim_products_id ........................... [[32mPASS[0m in 0.01s]
[2025-03-30T23:52:44.293+0000] {subprocess.py:106} INFO - [0m23:52:44  11 of 18 START test unique_intermediate__dim_products_id ....................... [RUN]
[2025-03-30T23:52:44.308+0000] {subprocess.py:106} INFO - [0m23:52:44  11 of 18 PASS unique_intermediate__dim_products_id ............................. [[32mPASS[0m in 0.02s]
[2025-03-30T23:52:44.310+0000] {subprocess.py:106} INFO - [0m23:52:44  12 of 18 START test not_null_intermediate__dim_retailers_id .................... [RUN]
[2025-03-30T23:52:44.325+0000] {subprocess.py:106} INFO - [0m23:52:44  12 of 18 PASS not_null_intermediate__dim_retailers_id .......................... [[32mPASS[0m in 0.01s]
[2025-03-30T23:52:44.326+0000] {subprocess.py:106} INFO - [0m23:52:44  13 of 18 START test unique_intermediate__dim_retailers_id ...................... [RUN]
[2025-03-30T23:52:44.343+0000] {subprocess.py:106} INFO - [0m23:52:44  13 of 18 PASS unique_intermediate__dim_retailers_id ............................ [[32mPASS[0m in 0.02s]
[2025-03-30T23:52:44.344+0000] {subprocess.py:106} INFO - [0m23:52:44  14 of 18 START test not_null_intermediate__fact_sales_id ....................... [RUN]
[2025-03-30T23:52:44.363+0000] {subprocess.py:106} INFO - [0m23:52:44  14 of 18 PASS not_null_intermediate__fact_sales_id ............................. [[32mPASS[0m in 0.02s]
[2025-03-30T23:52:44.364+0000] {subprocess.py:106} INFO - [0m23:52:44  15 of 18 START test unique_intermediate__fact_sales_id ......................... [RUN]
[2025-03-30T23:52:44.385+0000] {subprocess.py:106} INFO - [0m23:52:44  15 of 18 PASS unique_intermediate__fact_sales_id ............................... [[32mPASS[0m in 0.02s]
[2025-03-30T23:52:44.386+0000] {subprocess.py:106} INFO - [0m23:52:44  16 of 18 START sql incremental model mart.sales_metrics ........................ [RUN]
[2025-03-30T23:52:44.411+0000] {subprocess.py:106} INFO - [0m23:52:44  16 of 18 OK created sql incremental model mart.sales_metrics ................... [[32mSELECT 33[0m in 0.02s]
[2025-03-30T23:52:44.412+0000] {subprocess.py:106} INFO - [0m23:52:44  17 of 18 START test not_null_sales_metrics_sale_date ........................... [RUN]
[2025-03-30T23:52:44.430+0000] {subprocess.py:106} INFO - [0m23:52:44  17 of 18 PASS not_null_sales_metrics_sale_date ................................. [[32mPASS[0m in 0.02s]
[2025-03-30T23:52:44.431+0000] {subprocess.py:106} INFO - [0m23:52:44  18 of 18 START test unique_sales_metrics_sale_date ............................. [RUN]
[2025-03-30T23:52:44.448+0000] {subprocess.py:106} INFO - [0m23:52:44  18 of 18 PASS unique_sales_metrics_sale_date ................................... [[32mPASS[0m in 0.02s]
[2025-03-30T23:52:44.457+0000] {subprocess.py:106} INFO - [0m23:52:44
[2025-03-30T23:52:44.458+0000] {subprocess.py:106} INFO - [0m23:52:44  Finished running 4 incremental models, 13 data tests, 1 view model in 0 hours 0 minutes and 0.57 seconds (0.57s).
[2025-03-30T23:52:44.488+0000] {subprocess.py:106} INFO - [0m23:52:44
[2025-03-30T23:52:44.488+0000] {subprocess.py:106} INFO - [0m23:52:44  [32mCompleted successfully[0m
[2025-03-30T23:52:44.488+0000] {subprocess.py:106} INFO - [0m23:52:44
[2025-03-30T23:52:44.489+0000] {subprocess.py:106} INFO - [0m23:52:44  Done. PASS=18 WARN=0 ERROR=0 SKIP=0 TOTAL=18
[2025-03-30T23:52:45.337+0000] {subprocess.py:110} INFO - Command exited with return code 0
[2025-03-30T23:52:45.361+0000] {taskinstance.py:341} INFO - ::group::Post task execution logs
[2025-03-30T23:52:45.362+0000] {taskinstance.py:353} INFO - Marking task as SUCCESS. dag_id=sales_data, task_id=build_dbt, run_id=manual__2025-03-30T23:52:26.601447+00:00, execution_date=20250330T235226, start_date=20250330T235242, end_date=20250330T235245
[2025-03-30T23:52:45.428+0000] {local_task_job_runner.py:266} INFO - Task exited with return code 0
[2025-03-30T23:52:45.444+0000] {taskinstance.py:3901} INFO - 0 downstream tasks scheduled from follow-on schedule check
[2025-03-30T23:52:45.445+0000] {local_task_job_runner.py:245} INFO - ::endgroup::
