[2025-03-30T22:43:26.607+0000] {local_task_job_runner.py:123} INFO - ::group::Pre task execution logs
[2025-03-30T22:43:26.629+0000] {taskinstance.py:2614} INFO - Dependencies all met for dep_context=non-requeueable deps ti=<TaskInstance: sales_data.setup_dbt_env manual__2025-03-30T22:43:24.831899+00:00 [queued]>
[2025-03-30T22:43:26.656+0000] {taskinstance.py:2614} INFO - Dependencies all met for dep_context=requeueable deps ti=<TaskInstance: sales_data.setup_dbt_env manual__2025-03-30T22:43:24.831899+00:00 [queued]>
[2025-03-30T22:43:26.657+0000] {taskinstance.py:2867} INFO - Starting attempt 1 of 1
[2025-03-30T22:43:26.669+0000] {taskinstance.py:2890} INFO - Executing <Task(BashOperator): setup_dbt_env> on 2025-03-30 22:43:24.831899+00:00
[2025-03-30T22:43:26.679+0000] {logging_mixin.py:190} WARNING - /home/airflow/.local/lib/python3.12/site-packages/airflow/task/task_runner/standard_task_runner.py:70 DeprecationWarning: This process (pid=199) is multi-threaded, use of fork() may lead to deadlocks in the child.
[2025-03-30T22:43:26.678+0000] {standard_task_runner.py:104} INFO - Running: ['airflow', 'tasks', 'run', 'sales_data', 'setup_dbt_env', 'manual__2025-03-30T22:43:24.831899+00:00', '--job-id', '51', '--raw', '--subdir', 'DAGS_FOLDER/sales.py', '--cfg-path', '/tmp/tmp0d6obzc0']
[2025-03-30T22:43:26.680+0000] {standard_task_runner.py:72} INFO - Started process 200 to run task
[2025-03-30T22:43:26.680+0000] {standard_task_runner.py:105} INFO - Job 51: Subtask setup_dbt_env
[2025-03-30T22:43:26.732+0000] {task_command.py:467} INFO - Running <TaskInstance: sales_data.setup_dbt_env manual__2025-03-30T22:43:24.831899+00:00 [running]> on host 85c8af969f9d
[2025-03-30T22:43:26.816+0000] {taskinstance.py:3134} INFO - Exporting env vars: AIRFLOW_CTX_DAG_OWNER='airflow' AIRFLOW_CTX_DAG_ID='sales_data' AIRFLOW_CTX_TASK_ID='setup_dbt_env' AIRFLOW_CTX_EXECUTION_DATE='2025-03-30T22:43:24.831899+00:00' AIRFLOW_CTX_TRY_NUMBER='1' AIRFLOW_CTX_DAG_RUN_ID='manual__2025-03-30T22:43:24.831899+00:00'
[2025-03-30T22:43:26.816+0000] {taskinstance.py:732} INFO - ::endgroup::
[2025-03-30T22:43:26.829+0000] {subprocess.py:78} INFO - Tmp dir root location: /tmp
[2025-03-30T22:43:26.831+0000] {subprocess.py:88} INFO - Running command: ['/usr/bin/bash', '-c', 'pip install dbt-core dbt-postgres']
[2025-03-30T22:43:26.846+0000] {subprocess.py:99} INFO - Output:
[2025-03-30T22:43:28.152+0000] {subprocess.py:106} INFO - Collecting dbt-core
[2025-03-30T22:43:28.317+0000] {subprocess.py:106} INFO -   Downloading dbt_core-1.9.3-py3-none-any.whl.metadata (4.0 kB)
[2025-03-30T22:43:28.407+0000] {subprocess.py:106} INFO - Collecting dbt-postgres
[2025-03-30T22:43:28.441+0000] {subprocess.py:106} INFO -   Downloading dbt_postgres-1.9.0-py3-none-any.whl.metadata (4.1 kB)
[2025-03-30T22:43:28.484+0000] {subprocess.py:106} INFO - Collecting agate<1.10,>=1.7.0 (from dbt-core)
[2025-03-30T22:43:28.514+0000] {subprocess.py:106} INFO -   Downloading agate-1.9.1-py2.py3-none-any.whl.metadata (3.2 kB)
[2025-03-30T22:43:28.521+0000] {subprocess.py:106} INFO - Requirement already satisfied: Jinja2<4,>=3.1.3 in /home/airflow/.local/lib/python3.12/site-packages (from dbt-core) (3.1.5)
[2025-03-30T22:43:28.565+0000] {subprocess.py:106} INFO - Collecting mashumaro<3.15,>=3.9 (from mashumaro[msgpack]<3.15,>=3.9->dbt-core)
[2025-03-30T22:43:28.597+0000] {subprocess.py:106} INFO -   Downloading mashumaro-3.14-py3-none-any.whl.metadata (114 kB)
[2025-03-30T22:43:28.682+0000] {subprocess.py:106} INFO - Requirement already satisfied: click<9.0,>=8.0.2 in /home/airflow/.local/lib/python3.12/site-packages (from dbt-core) (8.1.8)
[2025-03-30T22:43:28.744+0000] {subprocess.py:106} INFO - Collecting networkx<4.0,>=2.3 (from dbt-core)
[2025-03-30T22:43:28.779+0000] {subprocess.py:106} INFO -   Downloading networkx-3.4.2-py3-none-any.whl.metadata (6.3 kB)
[2025-03-30T22:43:29.114+0000] {subprocess.py:106} INFO - Collecting protobuf<6.0,>=5.0 (from dbt-core)
[2025-03-30T22:43:29.146+0000] {subprocess.py:106} INFO -   Downloading protobuf-5.29.4-cp38-abi3-manylinux2014_aarch64.whl.metadata (592 bytes)
[2025-03-30T22:43:29.150+0000] {subprocess.py:106} INFO - Requirement already satisfied: requests<3.0.0 in /home/airflow/.local/lib/python3.12/site-packages (from dbt-core) (2.32.3)
[2025-03-30T22:43:29.199+0000] {subprocess.py:106} INFO - Collecting snowplow-tracker<2.0,>=1.0.2 (from dbt-core)
[2025-03-30T22:43:29.234+0000] {subprocess.py:106} INFO -   Downloading snowplow_tracker-1.1.0-py3-none-any.whl.metadata (5.7 kB)
[2025-03-30T22:43:29.240+0000] {subprocess.py:106} INFO - Requirement already satisfied: pathspec<0.13,>=0.9 in /home/airflow/.local/lib/python3.12/site-packages (from dbt-core) (0.12.1)
[2025-03-30T22:43:29.241+0000] {subprocess.py:106} INFO - Requirement already satisfied: sqlparse<0.6.0,>=0.5.0 in /home/airflow/.local/lib/python3.12/site-packages (from dbt-core) (0.5.3)
[2025-03-30T22:43:29.281+0000] {subprocess.py:106} INFO - Collecting dbt-extractor<=0.6,>=0.5.0 (from dbt-core)
[2025-03-30T22:43:29.313+0000] {subprocess.py:106} INFO -   Downloading dbt_extractor-0.5.1-cp38-abi3-manylinux_2_17_aarch64.manylinux2014_aarch64.whl.metadata (4.2 kB)
[2025-03-30T22:43:29.359+0000] {subprocess.py:106} INFO - Collecting dbt-semantic-interfaces<0.8,>=0.7.4 (from dbt-core)
[2025-03-30T22:43:29.389+0000] {subprocess.py:106} INFO -   Downloading dbt_semantic_interfaces-0.7.4-py3-none-any.whl.metadata (2.6 kB)
[2025-03-30T22:43:29.429+0000] {subprocess.py:106} INFO - Collecting dbt-common<2.0,>=1.13.0 (from dbt-core)
[2025-03-30T22:43:29.463+0000] {subprocess.py:106} INFO -   Downloading dbt_common-1.16.0-py3-none-any.whl.metadata (4.9 kB)
[2025-03-30T22:43:29.509+0000] {subprocess.py:106} INFO - Collecting dbt-adapters<2.0,>=1.10.1 (from dbt-core)
[2025-03-30T22:43:29.543+0000] {subprocess.py:106} INFO -   Downloading dbt_adapters-1.14.3-py3-none-any.whl.metadata (4.5 kB)
[2025-03-30T22:43:29.547+0000] {subprocess.py:106} INFO - Requirement already satisfied: packaging>20.9 in /home/airflow/.local/lib/python3.12/site-packages (from dbt-core) (24.2)
[2025-03-30T22:43:29.547+0000] {subprocess.py:106} INFO - Requirement already satisfied: pytz>=2015.7 in /home/airflow/.local/lib/python3.12/site-packages (from dbt-core) (2025.1)
[2025-03-30T22:43:29.548+0000] {subprocess.py:106} INFO - Requirement already satisfied: pyyaml>=6.0 in /home/airflow/.local/lib/python3.12/site-packages (from dbt-core) (6.0.2)
[2025-03-30T22:43:29.585+0000] {subprocess.py:106} INFO - Collecting daff>=1.3.46 (from dbt-core)
[2025-03-30T22:43:29.615+0000] {subprocess.py:106} INFO -   Downloading daff-1.3.46.tar.gz (149 kB)
[2025-03-30T22:43:29.663+0000] {subprocess.py:106} INFO -   Installing build dependencies: started
[2025-03-30T22:43:31.874+0000] {subprocess.py:106} INFO -   Installing build dependencies: finished with status 'done'
[2025-03-30T22:43:31.875+0000] {subprocess.py:106} INFO -   Getting requirements to build wheel: started
[2025-03-30T22:43:32.210+0000] {subprocess.py:106} INFO -   Getting requirements to build wheel: finished with status 'done'
[2025-03-30T22:43:32.210+0000] {subprocess.py:106} INFO -   Preparing metadata (pyproject.toml): started
[2025-03-30T22:43:32.556+0000] {subprocess.py:106} INFO -   Preparing metadata (pyproject.toml): finished with status 'done'
[2025-03-30T22:43:32.557+0000] {subprocess.py:106} INFO - Requirement already satisfied: typing-extensions>=4.4 in /home/airflow/.local/lib/python3.12/site-packages (from dbt-core) (4.12.2)
[2025-03-30T22:43:32.568+0000] {subprocess.py:106} INFO - Requirement already satisfied: psycopg2-binary<3.0,>=2.9 in /home/airflow/.local/lib/python3.12/site-packages (from dbt-postgres) (2.9.10)
[2025-03-30T22:43:32.568+0000] {subprocess.py:106} INFO - Requirement already satisfied: Babel>=2.0 in /home/airflow/.local/lib/python3.12/site-packages (from agate<1.10,>=1.7.0->dbt-core) (2.17.0)
[2025-03-30T22:43:32.569+0000] {subprocess.py:106} INFO - Requirement already satisfied: isodate>=0.5.4 in /home/airflow/.local/lib/python3.12/site-packages (from agate<1.10,>=1.7.0->dbt-core) (0.7.2)
[2025-03-30T22:43:32.614+0000] {subprocess.py:106} INFO - Collecting leather>=0.3.2 (from agate<1.10,>=1.7.0->dbt-core)
[2025-03-30T22:43:32.647+0000] {subprocess.py:106} INFO -   Downloading leather-0.4.0-py2.py3-none-any.whl.metadata (2.8 kB)
[2025-03-30T22:43:32.684+0000] {subprocess.py:106} INFO - Collecting parsedatetime!=2.5,>=2.1 (from agate<1.10,>=1.7.0->dbt-core)
[2025-03-30T22:43:32.720+0000] {subprocess.py:106} INFO -   Downloading parsedatetime-2.6-py3-none-any.whl.metadata (4.7 kB)
[2025-03-30T22:43:32.727+0000] {subprocess.py:106} INFO - Requirement already satisfied: python-slugify>=1.2.1 in /home/airflow/.local/lib/python3.12/site-packages (from agate<1.10,>=1.7.0->dbt-core) (8.0.4)
[2025-03-30T22:43:32.764+0000] {subprocess.py:106} INFO - Collecting pytimeparse>=1.1.5 (from agate<1.10,>=1.7.0->dbt-core)
[2025-03-30T22:43:32.801+0000] {subprocess.py:106} INFO -   Downloading pytimeparse-1.1.8-py2.py3-none-any.whl.metadata (3.4 kB)
[2025-03-30T22:43:32.812+0000] {subprocess.py:106} INFO - Requirement already satisfied: colorama<0.5,>=0.3.9 in /home/airflow/.local/lib/python3.12/site-packages (from dbt-common<2.0,>=1.13.0->dbt-core) (0.4.6)
[2025-03-30T22:43:32.862+0000] {subprocess.py:106} INFO - Collecting deepdiff<8.0,>=7.0 (from dbt-common<2.0,>=1.13.0->dbt-core)
[2025-03-30T22:43:32.901+0000] {subprocess.py:106} INFO -   Downloading deepdiff-7.0.1-py3-none-any.whl.metadata (6.8 kB)
[2025-03-30T22:43:32.946+0000] {subprocess.py:106} INFO - Collecting isodate>=0.5.4 (from agate<1.10,>=1.7.0->dbt-core)
[2025-03-30T22:43:32.980+0000] {subprocess.py:106} INFO -   Downloading isodate-0.6.1-py2.py3-none-any.whl.metadata (9.6 kB)
[2025-03-30T22:43:32.990+0000] {subprocess.py:106} INFO - Requirement already satisfied: jsonschema<5.0,>=4.0 in /home/airflow/.local/lib/python3.12/site-packages (from dbt-common<2.0,>=1.13.0->dbt-core) (4.23.0)
[2025-03-30T22:43:32.995+0000] {subprocess.py:106} INFO - Requirement already satisfied: python-dateutil<3.0,>=2.0 in /home/airflow/.local/lib/python3.12/site-packages (from dbt-common<2.0,>=1.13.0->dbt-core) (2.9.0.post0)
[2025-03-30T22:43:32.997+0000] {subprocess.py:106} INFO - Requirement already satisfied: importlib-metadata<7,>=6.0 in /home/airflow/.local/lib/python3.12/site-packages (from dbt-semantic-interfaces<0.8,>=0.7.4->dbt-core) (6.11.0)
[2025-03-30T22:43:32.997+0000] {subprocess.py:106} INFO - Requirement already satisfied: more-itertools<11.0,>=8.0 in /home/airflow/.local/lib/python3.12/site-packages (from dbt-semantic-interfaces<0.8,>=0.7.4->dbt-core) (10.6.0)
[2025-03-30T22:43:32.997+0000] {subprocess.py:106} INFO - Requirement already satisfied: pydantic<3,>=1.10 in /home/airflow/.local/lib/python3.12/site-packages (from dbt-semantic-interfaces<0.8,>=0.7.4->dbt-core) (2.10.6)
[2025-03-30T22:43:32.998+0000] {subprocess.py:106} INFO - Requirement already satisfied: MarkupSafe>=2.0 in /home/airflow/.local/lib/python3.12/site-packages (from Jinja2<4,>=3.1.3->dbt-core) (3.0.2)
[2025-03-30T22:43:33.071+0000] {subprocess.py:106} INFO - Collecting msgpack>=0.5.6 (from mashumaro[msgpack]<3.15,>=3.9->dbt-core)
[2025-03-30T22:43:33.105+0000] {subprocess.py:106} INFO -   Downloading msgpack-1.1.0-cp312-cp312-manylinux_2_17_aarch64.manylinux2014_aarch64.whl.metadata (8.4 kB)
[2025-03-30T22:43:33.114+0000] {subprocess.py:106} INFO - Requirement already satisfied: charset-normalizer<4,>=2 in /home/airflow/.local/lib/python3.12/site-packages (from requests<3.0.0->dbt-core) (3.4.1)
[2025-03-30T22:43:33.115+0000] {subprocess.py:106} INFO - Requirement already satisfied: idna<4,>=2.5 in /home/airflow/.local/lib/python3.12/site-packages (from requests<3.0.0->dbt-core) (3.10)
[2025-03-30T22:43:33.115+0000] {subprocess.py:106} INFO - Requirement already satisfied: urllib3<3,>=1.21.1 in /home/airflow/.local/lib/python3.12/site-packages (from requests<3.0.0->dbt-core) (2.3.0)
[2025-03-30T22:43:33.115+0000] {subprocess.py:106} INFO - Requirement already satisfied: certifi>=2017.4.17 in /home/airflow/.local/lib/python3.12/site-packages (from requests<3.0.0->dbt-core) (2025.1.31)
[2025-03-30T22:43:33.121+0000] {subprocess.py:106} INFO - Requirement already satisfied: ordered-set<4.2.0,>=4.1.0 in /home/airflow/.local/lib/python3.12/site-packages (from deepdiff<8.0,>=7.0->dbt-common<2.0,>=1.13.0->dbt-core) (4.1.0)
[2025-03-30T22:43:33.125+0000] {subprocess.py:106} INFO - Requirement already satisfied: zipp>=0.5 in /home/airflow/.local/lib/python3.12/site-packages (from importlib-metadata<7,>=6.0->dbt-semantic-interfaces<0.8,>=0.7.4->dbt-core) (3.21.0)
[2025-03-30T22:43:33.126+0000] {subprocess.py:106} INFO - Requirement already satisfied: six in /home/airflow/.local/lib/python3.12/site-packages (from isodate>=0.5.4->agate<1.10,>=1.7.0->dbt-core) (1.17.0)
[2025-03-30T22:43:33.129+0000] {subprocess.py:106} INFO - Requirement already satisfied: attrs>=22.2.0 in /home/airflow/.local/lib/python3.12/site-packages (from jsonschema<5.0,>=4.0->dbt-common<2.0,>=1.13.0->dbt-core) (25.1.0)
[2025-03-30T22:43:33.129+0000] {subprocess.py:106} INFO - Requirement already satisfied: jsonschema-specifications>=2023.03.6 in /home/airflow/.local/lib/python3.12/site-packages (from jsonschema<5.0,>=4.0->dbt-common<2.0,>=1.13.0->dbt-core) (2024.10.1)
[2025-03-30T22:43:33.130+0000] {subprocess.py:106} INFO - Requirement already satisfied: referencing>=0.28.4 in /home/airflow/.local/lib/python3.12/site-packages (from jsonschema<5.0,>=4.0->dbt-common<2.0,>=1.13.0->dbt-core) (0.36.2)
[2025-03-30T22:43:33.130+0000] {subprocess.py:106} INFO - Requirement already satisfied: rpds-py>=0.7.1 in /home/airflow/.local/lib/python3.12/site-packages (from jsonschema<5.0,>=4.0->dbt-common<2.0,>=1.13.0->dbt-core) (0.22.3)
[2025-03-30T22:43:33.134+0000] {subprocess.py:106} INFO - Requirement already satisfied: annotated-types>=0.6.0 in /home/airflow/.local/lib/python3.12/site-packages (from pydantic<3,>=1.10->dbt-semantic-interfaces<0.8,>=0.7.4->dbt-core) (0.7.0)
[2025-03-30T22:43:33.134+0000] {subprocess.py:106} INFO - Requirement already satisfied: pydantic-core==2.27.2 in /home/airflow/.local/lib/python3.12/site-packages (from pydantic<3,>=1.10->dbt-semantic-interfaces<0.8,>=0.7.4->dbt-core) (2.27.2)
[2025-03-30T22:43:33.138+0000] {subprocess.py:106} INFO - Requirement already satisfied: text-unidecode>=1.3 in /home/airflow/.local/lib/python3.12/site-packages (from python-slugify>=1.2.1->agate<1.10,>=1.7.0->dbt-core) (1.3)
[2025-03-30T22:43:33.188+0000] {subprocess.py:106} INFO - Downloading dbt_core-1.9.3-py3-none-any.whl (946 kB)
[2025-03-30T22:43:33.263+0000] {subprocess.py:106} INFO -    ━━━━━━━━━━━━━━━━━━━━━━━━━━━━━━━━━━━━━━━━ 946.1/946.1 kB 12.9 MB/s eta 0:00:00
[2025-03-30T22:43:33.299+0000] {subprocess.py:106} INFO - Downloading dbt_postgres-1.9.0-py3-none-any.whl (35 kB)
[2025-03-30T22:43:33.338+0000] {subprocess.py:106} INFO - Downloading agate-1.9.1-py2.py3-none-any.whl (95 kB)
[2025-03-30T22:43:33.385+0000] {subprocess.py:106} INFO - Downloading dbt_adapters-1.14.3-py3-none-any.whl (171 kB)
[2025-03-30T22:43:33.439+0000] {subprocess.py:106} INFO - Downloading dbt_common-1.16.0-py3-none-any.whl (85 kB)
[2025-03-30T22:43:33.488+0000] {subprocess.py:106} INFO - Downloading dbt_extractor-0.5.1-cp38-abi3-manylinux_2_17_aarch64.manylinux2014_aarch64.whl (1.3 MB)
[2025-03-30T22:43:33.575+0000] {subprocess.py:106} INFO -    ━━━━━━━━━━━━━━━━━━━━━━━━━━━━━━━━━━━━━━━━ 1.3/1.3 MB 26.2 MB/s eta 0:00:00
[2025-03-30T22:43:33.617+0000] {subprocess.py:106} INFO - Downloading dbt_semantic_interfaces-0.7.4-py3-none-any.whl (141 kB)
[2025-03-30T22:43:33.661+0000] {subprocess.py:106} INFO - Downloading mashumaro-3.14-py3-none-any.whl (92 kB)
[2025-03-30T22:43:33.719+0000] {subprocess.py:106} INFO - Downloading networkx-3.4.2-py3-none-any.whl (1.7 MB)
[2025-03-30T22:43:33.811+0000] {subprocess.py:106} INFO -    ━━━━━━━━━━━━━━━━━━━━━━━━━━━━━━━━━━━━━━━━ 1.7/1.7 MB 25.0 MB/s eta 0:00:00
[2025-03-30T22:43:33.845+0000] {subprocess.py:106} INFO - Downloading protobuf-5.29.4-cp38-abi3-manylinux2014_aarch64.whl (319 kB)
[2025-03-30T22:43:33.895+0000] {subprocess.py:106} INFO - Downloading snowplow_tracker-1.1.0-py3-none-any.whl (44 kB)
[2025-03-30T22:43:33.936+0000] {subprocess.py:106} INFO - Downloading deepdiff-7.0.1-py3-none-any.whl (80 kB)
[2025-03-30T22:43:33.978+0000] {subprocess.py:106} INFO - Downloading isodate-0.6.1-py2.py3-none-any.whl (41 kB)
[2025-03-30T22:43:34.019+0000] {subprocess.py:106} INFO - Downloading leather-0.4.0-py2.py3-none-any.whl (30 kB)
[2025-03-30T22:43:34.072+0000] {subprocess.py:106} INFO - Downloading msgpack-1.1.0-cp312-cp312-manylinux_2_17_aarch64.manylinux2014_aarch64.whl (392 kB)
[2025-03-30T22:43:34.150+0000] {subprocess.py:106} INFO - Downloading parsedatetime-2.6-py3-none-any.whl (42 kB)
[2025-03-30T22:43:34.203+0000] {subprocess.py:106} INFO - Downloading pytimeparse-1.1.8-py2.py3-none-any.whl (10.0 kB)
[2025-03-30T22:43:34.239+0000] {subprocess.py:106} INFO - Building wheels for collected packages: daff
[2025-03-30T22:43:34.240+0000] {subprocess.py:106} INFO -   Building wheel for daff (pyproject.toml): started
[2025-03-30T22:43:34.790+0000] {subprocess.py:106} INFO -   Building wheel for daff (pyproject.toml): finished with status 'done'
[2025-03-30T22:43:34.791+0000] {subprocess.py:106} INFO -   Created wheel for daff: filename=daff-1.3.46-py3-none-any.whl size=145580 sha256=68167b740c222491cda11a064c483ac02aee4a0ca4e387cfcdfa6f8752b8f158
[2025-03-30T22:43:34.792+0000] {subprocess.py:106} INFO -   Stored in directory: /tmp/.cache/pip/wheels/88/ad/49/13ff24b45a6c4e12e5ae48071f7a63d6b78a475b179e01b54e
[2025-03-30T22:43:34.793+0000] {subprocess.py:106} INFO - Successfully built daff
[2025-03-30T22:43:35.060+0000] {subprocess.py:106} INFO - Installing collected packages: pytimeparse, parsedatetime, leather, daff, protobuf, networkx, msgpack, mashumaro, isodate, deepdiff, dbt-extractor, snowplow-tracker, agate, dbt-semantic-interfaces, dbt-common, dbt-adapters, dbt-core, dbt-postgres
[2025-03-30T22:43:35.256+0000] {subprocess.py:106} INFO -   Attempting uninstall: protobuf
[2025-03-30T22:43:35.263+0000] {subprocess.py:106} INFO -     Found existing installation: protobuf 4.25.6
[2025-03-30T22:43:35.267+0000] {subprocess.py:106} INFO -     Uninstalling protobuf-4.25.6:
[2025-03-30T22:43:35.276+0000] {subprocess.py:106} INFO -       Successfully uninstalled protobuf-4.25.6
[2025-03-30T22:43:36.149+0000] {subprocess.py:106} INFO -   Attempting uninstall: isodate
[2025-03-30T22:43:36.154+0000] {subprocess.py:106} INFO -     Found existing installation: isodate 0.7.2
[2025-03-30T22:43:36.156+0000] {subprocess.py:106} INFO -     Uninstalling isodate-0.7.2:
[2025-03-30T22:43:36.160+0000] {subprocess.py:106} INFO -       Successfully uninstalled isodate-0.7.2
[2025-03-30T22:43:36.758+0000] {subprocess.py:106} INFO - ERROR: pip's dependency resolver does not currently take into account all the packages that are installed. This behaviour is the source of the following dependency conflicts.
[2025-03-30T22:43:36.758+0000] {subprocess.py:106} INFO - opentelemetry-proto 1.27.0 requires protobuf<5.0,>=3.19, but you have protobuf 5.29.4 which is incompatible.
[2025-03-30T22:43:36.758+0000] {subprocess.py:106} INFO - Successfully installed agate-1.9.1 daff-1.3.46 dbt-adapters-1.14.3 dbt-common-1.16.0 dbt-core-1.9.3 dbt-extractor-0.5.1 dbt-postgres-1.9.0 dbt-semantic-interfaces-0.7.4 deepdiff-7.0.1 isodate-0.6.1 leather-0.4.0 mashumaro-3.14 msgpack-1.1.0 networkx-3.4.2 parsedatetime-2.6 protobuf-5.29.4 pytimeparse-1.1.8 snowplow-tracker-1.1.0
[2025-03-30T22:43:36.989+0000] {subprocess.py:106} INFO - 
[2025-03-30T22:43:36.989+0000] {subprocess.py:106} INFO - [notice] A new release of pip is available: 25.0 -> 25.0.1
[2025-03-30T22:43:36.990+0000] {subprocess.py:106} INFO - [notice] To update, run: pip install --upgrade pip
[2025-03-30T22:43:37.109+0000] {subprocess.py:110} INFO - Command exited with return code 0
[2025-03-30T22:43:37.142+0000] {taskinstance.py:341} INFO - ::group::Post task execution logs
[2025-03-30T22:43:37.142+0000] {taskinstance.py:353} INFO - Marking task as SUCCESS. dag_id=sales_data, task_id=setup_dbt_env, run_id=manual__2025-03-30T22:43:24.831899+00:00, execution_date=20250330T224324, start_date=20250330T224326, end_date=20250330T224337
[2025-03-30T22:43:37.203+0000] {local_task_job_runner.py:266} INFO - Task exited with return code 0
[2025-03-30T22:43:37.226+0000] {taskinstance.py:3901} INFO - 1 downstream tasks scheduled from follow-on schedule check
[2025-03-30T22:43:37.227+0000] {local_task_job_runner.py:245} INFO - ::endgroup::
