[2025-03-30T22:12:58.072+0000] {local_task_job_runner.py:123} INFO - ::group::Pre task execution logs
[2025-03-30T22:12:58.089+0000] {taskinstance.py:2614} INFO - Dependencies all met for dep_context=non-requeueable deps ti=<TaskInstance: sales_data.build_dbt manual__2025-03-30T22:12:55.567447+00:00 [queued]>
[2025-03-30T22:12:58.095+0000] {taskinstance.py:2614} INFO - Dependencies all met for dep_context=requeueable deps ti=<TaskInstance: sales_data.build_dbt manual__2025-03-30T22:12:55.567447+00:00 [queued]>
[2025-03-30T22:12:58.095+0000] {taskinstance.py:2867} INFO - Starting attempt 1 of 1
[2025-03-30T22:12:58.102+0000] {taskinstance.py:2890} INFO - Executing <Task(BashOperator): build_dbt> on 2025-03-30 22:12:55.567447+00:00
[2025-03-30T22:12:58.109+0000] {logging_mixin.py:190} WARNING - /home/airflow/.local/lib/python3.12/site-packages/airflow/task/task_runner/standard_task_runner.py:70 DeprecationWarning: This process (pid=591) is multi-threaded, use of fork() may lead to deadlocks in the child.
[2025-03-30T22:12:58.109+0000] {standard_task_runner.py:104} INFO - Running: ['airflow', 'tasks', 'run', 'sales_data', 'build_dbt', 'manual__2025-03-30T22:12:55.567447+00:00', '--job-id', '41', '--raw', '--subdir', 'DAGS_FOLDER/sales.py', '--cfg-path', '/tmp/tmpfvkzx0a4']
[2025-03-30T22:12:58.110+0000] {standard_task_runner.py:72} INFO - Started process 592 to run task
[2025-03-30T22:12:58.110+0000] {standard_task_runner.py:105} INFO - Job 41: Subtask build_dbt
[2025-03-30T22:12:58.151+0000] {task_command.py:467} INFO - Running <TaskInstance: sales_data.build_dbt manual__2025-03-30T22:12:55.567447+00:00 [running]> on host 2fdd4ef0044b
[2025-03-30T22:12:58.231+0000] {taskinstance.py:3134} INFO - Exporting env vars: AIRFLOW_CTX_DAG_OWNER='airflow' AIRFLOW_CTX_DAG_ID='sales_data' AIRFLOW_CTX_TASK_ID='build_dbt' AIRFLOW_CTX_EXECUTION_DATE='2025-03-30T22:12:55.567447+00:00' AIRFLOW_CTX_TRY_NUMBER='1' AIRFLOW_CTX_DAG_RUN_ID='manual__2025-03-30T22:12:55.567447+00:00'
[2025-03-30T22:12:58.232+0000] {taskinstance.py:732} INFO - ::endgroup::
[2025-03-30T22:12:58.242+0000] {subprocess.py:78} INFO - Tmp dir root location: /tmp
[2025-03-30T22:12:58.243+0000] {subprocess.py:88} INFO - Running command: ['/usr/bin/bash', '-c', 'pwd']
[2025-03-30T22:12:58.252+0000] {subprocess.py:99} INFO - Output:
[2025-03-30T22:12:58.255+0000] {subprocess.py:106} INFO - /tmp/airflowtmpt_loblve
[2025-03-30T22:12:58.255+0000] {subprocess.py:110} INFO - Command exited with return code 0
[2025-03-30T22:12:58.277+0000] {taskinstance.py:341} INFO - ::group::Post task execution logs
[2025-03-30T22:12:58.278+0000] {taskinstance.py:353} INFO - Marking task as SUCCESS. dag_id=sales_data, task_id=build_dbt, run_id=manual__2025-03-30T22:12:55.567447+00:00, execution_date=20250330T221255, start_date=20250330T221258, end_date=20250330T221258
[2025-03-30T22:12:58.327+0000] {local_task_job_runner.py:266} INFO - Task exited with return code 0
[2025-03-30T22:12:58.342+0000] {taskinstance.py:3901} INFO - 0 downstream tasks scheduled from follow-on schedule check
[2025-03-30T22:12:58.343+0000] {local_task_job_runner.py:245} INFO - ::endgroup::
