[2025-03-30T23:38:54.692+0000] {local_task_job_runner.py:123} INFO - ::group::Pre task execution logs
[2025-03-30T23:38:54.709+0000] {taskinstance.py:2614} INFO - Dependencies all met for dep_context=non-requeueable deps ti=<TaskInstance: sales_data.build_dbt manual__2025-03-30T23:35:43.744902+00:00 [queued]>
[2025-03-30T23:38:54.714+0000] {taskinstance.py:2614} INFO - Dependencies all met for dep_context=requeueable deps ti=<TaskInstance: sales_data.build_dbt manual__2025-03-30T23:35:43.744902+00:00 [queued]>
[2025-03-30T23:38:54.715+0000] {taskinstance.py:2867} INFO - Starting attempt 5 of 5
[2025-03-30T23:38:54.722+0000] {taskinstance.py:2890} INFO - Executing <Task(BashOperator): build_dbt> on 2025-03-30 23:35:43.744902+00:00
[2025-03-30T23:38:54.730+0000] {logging_mixin.py:190} WARNING - /home/airflow/.local/lib/python3.12/site-packages/airflow/task/task_runner/standard_task_runner.py:70 DeprecationWarning: This process (pid=479) is multi-threaded, use of fork() may lead to deadlocks in the child.
[2025-03-30T23:38:54.731+0000] {standard_task_runner.py:72} INFO - Started process 480 to run task
[2025-03-30T23:38:54.729+0000] {standard_task_runner.py:104} INFO - Running: ['airflow', 'tasks', 'run', 'sales_data', 'build_dbt', 'manual__2025-03-30T23:35:43.744902+00:00', '--job-id', '70', '--raw', '--subdir', 'DAGS_FOLDER/sales.py', '--cfg-path', '/tmp/tmp8wo3qsvv']
[2025-03-30T23:38:54.731+0000] {standard_task_runner.py:105} INFO - Job 70: Subtask build_dbt
[2025-03-30T23:38:54.777+0000] {task_command.py:467} INFO - Running <TaskInstance: sales_data.build_dbt manual__2025-03-30T23:35:43.744902+00:00 [running]> on host dce992005bb5
[2025-03-30T23:38:54.852+0000] {taskinstance.py:3134} INFO - Exporting env vars: AIRFLOW_CTX_DAG_OWNER='airflow' AIRFLOW_CTX_DAG_ID='sales_data' AIRFLOW_CTX_TASK_ID='build_dbt' AIRFLOW_CTX_EXECUTION_DATE='2025-03-30T23:35:43.744902+00:00' AIRFLOW_CTX_TRY_NUMBER='5' AIRFLOW_CTX_DAG_RUN_ID='manual__2025-03-30T23:35:43.744902+00:00'
[2025-03-30T23:38:54.852+0000] {taskinstance.py:732} INFO - ::endgroup::
[2025-03-30T23:38:54.863+0000] {subprocess.py:78} INFO - Tmp dir root location: /tmp
[2025-03-30T23:38:54.863+0000] {subprocess.py:88} INFO - Running command: ['/usr/bin/bash', '-c', 'cd ${AIRFLOW_HOME}/dags/dbt/hostaway_tht && dbt build --profiles-dir ./..']
[2025-03-30T23:38:54.873+0000] {subprocess.py:99} INFO - Output:
[2025-03-30T23:38:56.479+0000] {subprocess.py:106} INFO - [0m23:38:56  Running with dbt=1.9.3
[2025-03-30T23:38:56.607+0000] {subprocess.py:106} INFO - [0m23:38:56  Registered adapter: postgres=1.9.0
[2025-03-30T23:38:57.221+0000] {subprocess.py:106} INFO - [0m23:38:57  Found 5 models, 13 data tests, 1 source, 434 macros
[2025-03-30T23:38:57.223+0000] {subprocess.py:106} INFO - [0m23:38:57
[2025-03-30T23:38:57.223+0000] {subprocess.py:106} INFO - [0m23:38:57  Concurrency: 1 threads (target='dev')
[2025-03-30T23:38:57.224+0000] {subprocess.py:106} INFO - [0m23:38:57
[2025-03-30T23:38:57.381+0000] {subprocess.py:106} INFO - [0m23:38:57  1 of 18 START sql view model staging.staging__sales ............................ [RUN]
[2025-03-30T23:38:57.544+0000] {subprocess.py:106} INFO - [0m23:38:57  1 of 18 OK created sql view model staging.staging__sales ....................... [[32mCREATE VIEW[0m in 0.16s]
[2025-03-30T23:38:57.547+0000] {subprocess.py:106} INFO - [0m23:38:57  2 of 18 START test accepted_values_staging__sales_channel__Offline__Online ..... [RUN]
[2025-03-30T23:38:57.587+0000] {subprocess.py:106} INFO - [0m23:38:57  2 of 18 PASS accepted_values_staging__sales_channel__Offline__Online ........... [[32mPASS[0m in 0.04s]
[2025-03-30T23:38:57.589+0000] {subprocess.py:106} INFO - [0m23:38:57  3 of 18 START test not_null_staging__sales_id .................................. [RUN]
[2025-03-30T23:38:57.611+0000] {subprocess.py:106} INFO - [0m23:38:57  3 of 18 PASS not_null_staging__sales_id ........................................ [[32mPASS[0m in 0.02s]
[2025-03-30T23:38:57.613+0000] {subprocess.py:106} INFO - [0m23:38:57  4 of 18 START test not_null_staging__sales_product_id .......................... [RUN]
[2025-03-30T23:38:57.635+0000] {subprocess.py:106} INFO - [0m23:38:57  4 of 18 PASS not_null_staging__sales_product_id ................................ [[32mPASS[0m in 0.02s]
[2025-03-30T23:38:57.636+0000] {subprocess.py:106} INFO - [0m23:38:57  5 of 18 START test not_null_staging__sales_retailer_id ......................... [RUN]
[2025-03-30T23:38:57.654+0000] {subprocess.py:106} INFO - [0m23:38:57  5 of 18 PASS not_null_staging__sales_retailer_id ............................... [[32mPASS[0m in 0.02s]
[2025-03-30T23:38:57.655+0000] {subprocess.py:106} INFO - [0m23:38:57  6 of 18 START test unique_staging__sales_id .................................... [RUN]
[2025-03-30T23:38:57.675+0000] {subprocess.py:106} INFO - [0m23:38:57  6 of 18 PASS unique_staging__sales_id .......................................... [[32mPASS[0m in 0.02s]
[2025-03-30T23:38:57.677+0000] {subprocess.py:106} INFO - [0m23:38:57  7 of 18 START sql incremental model intermediate.intermediate__dim_products .... [RUN]
[2025-03-30T23:38:57.805+0000] {subprocess.py:106} INFO - [0m23:38:57  7 of 18 OK created sql incremental model intermediate.intermediate__dim_products  [[32mINSERT 0 9[0m in 0.13s]
[2025-03-30T23:38:57.806+0000] {subprocess.py:106} INFO - [0m23:38:57  8 of 18 START sql incremental model intermediate.intermediate__dim_retailers ... [RUN]
[2025-03-30T23:38:57.846+0000] {subprocess.py:106} INFO - [0m23:38:57  8 of 18 OK created sql incremental model intermediate.intermediate__dim_retailers  [[32mINSERT 0 3[0m in 0.04s]
[2025-03-30T23:38:57.847+0000] {subprocess.py:106} INFO - [0m23:38:57  9 of 18 START sql incremental model intermediate.intermediate__fact_sales ...... [RUN]
[2025-03-30T23:38:57.887+0000] {subprocess.py:106} INFO - [0m23:38:57  9 of 18 OK created sql incremental model intermediate.intermediate__fact_sales . [[32mINSERT 0 1[0m in 0.04s]
[2025-03-30T23:38:57.888+0000] {subprocess.py:106} INFO - [0m23:38:57  10 of 18 START test not_null_intermediate__dim_products_id ..................... [RUN]
[2025-03-30T23:38:57.907+0000] {subprocess.py:106} INFO - [0m23:38:57  10 of 18 PASS not_null_intermediate__dim_products_id ........................... [[32mPASS[0m in 0.02s]
[2025-03-30T23:38:57.908+0000] {subprocess.py:106} INFO - [0m23:38:57  11 of 18 START test unique_intermediate__dim_products_id ....................... [RUN]
[2025-03-30T23:38:57.927+0000] {subprocess.py:106} INFO - [0m23:38:57  11 of 18 PASS unique_intermediate__dim_products_id ............................. [[32mPASS[0m in 0.02s]
[2025-03-30T23:38:57.928+0000] {subprocess.py:106} INFO - [0m23:38:57  12 of 18 START test not_null_intermediate__dim_retailers_id .................... [RUN]
[2025-03-30T23:38:57.953+0000] {subprocess.py:106} INFO - [0m23:38:57  12 of 18 PASS not_null_intermediate__dim_retailers_id .......................... [[32mPASS[0m in 0.02s]
[2025-03-30T23:38:57.955+0000] {subprocess.py:106} INFO - [0m23:38:57  13 of 18 START test unique_intermediate__dim_retailers_id ...................... [RUN]
[2025-03-30T23:38:57.977+0000] {subprocess.py:106} INFO - [0m23:38:57  13 of 18 PASS unique_intermediate__dim_retailers_id ............................ [[32mPASS[0m in 0.02s]
[2025-03-30T23:38:57.978+0000] {subprocess.py:106} INFO - [0m23:38:57  14 of 18 START test not_null_intermediate__fact_sales_id ....................... [RUN]
[2025-03-30T23:38:58.001+0000] {subprocess.py:106} INFO - [0m23:38:58  14 of 18 PASS not_null_intermediate__fact_sales_id ............................. [[32mPASS[0m in 0.02s]
[2025-03-30T23:38:58.002+0000] {subprocess.py:106} INFO - [0m23:38:58  15 of 18 START test unique_intermediate__fact_sales_id ......................... [RUN]
[2025-03-30T23:38:58.027+0000] {subprocess.py:106} INFO - [0m23:38:58  15 of 18 PASS unique_intermediate__fact_sales_id ............................... [[32mPASS[0m in 0.02s]
[2025-03-30T23:38:58.028+0000] {subprocess.py:106} INFO - [0m23:38:58  16 of 18 START sql incremental model mart.sales_metrics ........................ [RUN]
[2025-03-30T23:38:58.071+0000] {subprocess.py:106} INFO - [0m23:38:58  16 of 18 OK created sql incremental model mart.sales_metrics ................... [[32mINSERT 0 1[0m in 0.04s]
[2025-03-30T23:38:58.073+0000] {subprocess.py:106} INFO - [0m23:38:58  17 of 18 START test not_null_sales_metrics_sale_date ........................... [RUN]
[2025-03-30T23:38:58.091+0000] {subprocess.py:106} INFO - [0m23:38:58  17 of 18 PASS not_null_sales_metrics_sale_date ................................. [[32mPASS[0m in 0.02s]
[2025-03-30T23:38:58.092+0000] {subprocess.py:106} INFO - [0m23:38:58  18 of 18 START test unique_sales_metrics_sale_date ............................. [RUN]
[2025-03-30T23:38:58.118+0000] {subprocess.py:106} INFO - [0m23:38:58  18 of 18 PASS unique_sales_metrics_sale_date ................................... [[32mPASS[0m in 0.02s]
[2025-03-30T23:38:58.196+0000] {subprocess.py:106} INFO - [0m23:38:58
[2025-03-30T23:38:58.197+0000] {subprocess.py:106} INFO - [0m23:38:58  Finished running 4 incremental models, 13 data tests, 1 view model in 0 hours 0 minutes and 0.97 seconds (0.97s).
[2025-03-30T23:38:58.262+0000] {subprocess.py:106} INFO - [0m23:38:58
[2025-03-30T23:38:58.263+0000] {subprocess.py:106} INFO - [0m23:38:58  [32mCompleted successfully[0m
[2025-03-30T23:38:58.263+0000] {subprocess.py:106} INFO - [0m23:38:58
[2025-03-30T23:38:58.264+0000] {subprocess.py:106} INFO - [0m23:38:58  Done. PASS=18 WARN=0 ERROR=0 SKIP=0 TOTAL=18
[2025-03-30T23:38:59.179+0000] {subprocess.py:110} INFO - Command exited with return code 0
[2025-03-30T23:38:59.213+0000] {taskinstance.py:341} INFO - ::group::Post task execution logs
[2025-03-30T23:38:59.214+0000] {taskinstance.py:353} INFO - Marking task as SUCCESS. dag_id=sales_data, task_id=build_dbt, run_id=manual__2025-03-30T23:35:43.744902+00:00, execution_date=20250330T233543, start_date=20250330T233854, end_date=20250330T233859
[2025-03-30T23:38:59.289+0000] {local_task_job_runner.py:266} INFO - Task exited with return code 0
[2025-03-30T23:38:59.310+0000] {taskinstance.py:3901} INFO - 0 downstream tasks scheduled from follow-on schedule check
[2025-03-30T23:38:59.312+0000] {local_task_job_runner.py:245} INFO - ::endgroup::
