[2025-03-30T23:39:50.764+0000] {local_task_job_runner.py:123} INFO - ::group::Pre task execution logs
[2025-03-30T23:39:50.785+0000] {taskinstance.py:2614} INFO - Dependencies all met for dep_context=non-requeueable deps ti=<TaskInstance: sales_data.build_dbt manual__2025-03-30T23:35:43.744902+00:00 [queued]>
[2025-03-30T23:39:50.796+0000] {taskinstance.py:2614} INFO - Dependencies all met for dep_context=requeueable deps ti=<TaskInstance: sales_data.build_dbt manual__2025-03-30T23:35:43.744902+00:00 [queued]>
[2025-03-30T23:39:50.796+0000] {taskinstance.py:2867} INFO - Starting attempt 6 of 6
[2025-03-30T23:39:50.808+0000] {taskinstance.py:2890} INFO - Executing <Task(BashOperator): build_dbt> on 2025-03-30 23:35:43.744902+00:00
[2025-03-30T23:39:50.842+0000] {standard_task_runner.py:104} INFO - Running: ['airflow', 'tasks', 'run', 'sales_data', 'build_dbt', 'manual__2025-03-30T23:35:43.744902+00:00', '--job-id', '71', '--raw', '--subdir', 'DAGS_FOLDER/sales.py', '--cfg-path', '/tmp/tmp32oo613n']
[2025-03-30T23:39:50.848+0000] {logging_mixin.py:190} WARNING - /home/airflow/.local/lib/python3.12/site-packages/airflow/task/task_runner/standard_task_runner.py:70 DeprecationWarning: This process (pid=534) is multi-threaded, use of fork() may lead to deadlocks in the child.
[2025-03-30T23:39:50.850+0000] {standard_task_runner.py:105} INFO - Job 71: Subtask build_dbt
[2025-03-30T23:39:50.851+0000] {standard_task_runner.py:72} INFO - Started process 535 to run task
[2025-03-30T23:39:51.111+0000] {task_command.py:467} INFO - Running <TaskInstance: sales_data.build_dbt manual__2025-03-30T23:35:43.744902+00:00 [running]> on host dce992005bb5
[2025-03-30T23:39:51.248+0000] {taskinstance.py:3134} INFO - Exporting env vars: AIRFLOW_CTX_DAG_OWNER='airflow' AIRFLOW_CTX_DAG_ID='sales_data' AIRFLOW_CTX_TASK_ID='build_dbt' AIRFLOW_CTX_EXECUTION_DATE='2025-03-30T23:35:43.744902+00:00' AIRFLOW_CTX_TRY_NUMBER='6' AIRFLOW_CTX_DAG_RUN_ID='manual__2025-03-30T23:35:43.744902+00:00'
[2025-03-30T23:39:51.249+0000] {taskinstance.py:732} INFO - ::endgroup::
[2025-03-30T23:39:51.265+0000] {subprocess.py:78} INFO - Tmp dir root location: /tmp
[2025-03-30T23:39:51.267+0000] {subprocess.py:88} INFO - Running command: ['/usr/bin/bash', '-c', 'cd ${AIRFLOW_HOME}/dags/dbt/hostaway_tht && dbt build --profiles-dir ./..']
[2025-03-30T23:39:51.278+0000] {subprocess.py:99} INFO - Output:
[2025-03-30T23:39:52.739+0000] {subprocess.py:106} INFO - [0m23:39:52  Running with dbt=1.9.3
[2025-03-30T23:39:52.881+0000] {subprocess.py:106} INFO - [0m23:39:52  Registered adapter: postgres=1.9.0
[2025-03-30T23:39:53.124+0000] {subprocess.py:106} INFO - [0m23:39:53  Found 5 models, 13 data tests, 1 source, 434 macros
[2025-03-30T23:39:53.126+0000] {subprocess.py:106} INFO - [0m23:39:53
[2025-03-30T23:39:53.126+0000] {subprocess.py:106} INFO - [0m23:39:53  Concurrency: 1 threads (target='dev')
[2025-03-30T23:39:53.127+0000] {subprocess.py:106} INFO - [0m23:39:53
[2025-03-30T23:39:53.268+0000] {subprocess.py:106} INFO - [0m23:39:53  1 of 18 START sql view model staging.staging__sales ............................ [RUN]
[2025-03-30T23:39:53.333+0000] {subprocess.py:106} INFO - [0m23:39:53  1 of 18 OK created sql view model staging.staging__sales ....................... [[32mCREATE VIEW[0m in 0.06s]
[2025-03-30T23:39:53.334+0000] {subprocess.py:106} INFO - [0m23:39:53  2 of 18 START test accepted_values_staging__sales_channel__Offline__Online ..... [RUN]
[2025-03-30T23:39:53.363+0000] {subprocess.py:106} INFO - [0m23:39:53  2 of 18 PASS accepted_values_staging__sales_channel__Offline__Online ........... [[32mPASS[0m in 0.03s]
[2025-03-30T23:39:53.364+0000] {subprocess.py:106} INFO - [0m23:39:53  3 of 18 START test not_null_staging__sales_id .................................. [RUN]
[2025-03-30T23:39:53.382+0000] {subprocess.py:106} INFO - [0m23:39:53  3 of 18 PASS not_null_staging__sales_id ........................................ [[32mPASS[0m in 0.02s]
[2025-03-30T23:39:53.383+0000] {subprocess.py:106} INFO - [0m23:39:53  4 of 18 START test not_null_staging__sales_product_id .......................... [RUN]
[2025-03-30T23:39:53.399+0000] {subprocess.py:106} INFO - [0m23:39:53  4 of 18 PASS not_null_staging__sales_product_id ................................ [[32mPASS[0m in 0.02s]
[2025-03-30T23:39:53.400+0000] {subprocess.py:106} INFO - [0m23:39:53  5 of 18 START test not_null_staging__sales_retailer_id ......................... [RUN]
[2025-03-30T23:39:53.416+0000] {subprocess.py:106} INFO - [0m23:39:53  5 of 18 PASS not_null_staging__sales_retailer_id ............................... [[32mPASS[0m in 0.02s]
[2025-03-30T23:39:53.417+0000] {subprocess.py:106} INFO - [0m23:39:53  6 of 18 START test unique_staging__sales_id .................................... [RUN]
[2025-03-30T23:39:53.435+0000] {subprocess.py:106} INFO - [0m23:39:53  6 of 18 PASS unique_staging__sales_id .......................................... [[32mPASS[0m in 0.02s]
[2025-03-30T23:39:53.437+0000] {subprocess.py:106} INFO - [0m23:39:53  7 of 18 START sql incremental model intermediate.intermediate__dim_products .... [RUN]
[2025-03-30T23:39:53.514+0000] {subprocess.py:106} INFO - [0m23:39:53  7 of 18 OK created sql incremental model intermediate.intermediate__dim_products  [[32mINSERT 0 9[0m in 0.08s]
[2025-03-30T23:39:53.515+0000] {subprocess.py:106} INFO - [0m23:39:53  8 of 18 START sql incremental model intermediate.intermediate__dim_retailers ... [RUN]
[2025-03-30T23:39:53.550+0000] {subprocess.py:106} INFO - [0m23:39:53  8 of 18 OK created sql incremental model intermediate.intermediate__dim_retailers  [[32mINSERT 0 3[0m in 0.03s]
[2025-03-30T23:39:53.551+0000] {subprocess.py:106} INFO - [0m23:39:53  9 of 18 START sql incremental model intermediate.intermediate__fact_sales ...... [RUN]
[2025-03-30T23:39:53.590+0000] {subprocess.py:106} INFO - [0m23:39:53  9 of 18 OK created sql incremental model intermediate.intermediate__fact_sales . [[32mINSERT 0 1[0m in 0.04s]
[2025-03-30T23:39:53.591+0000] {subprocess.py:106} INFO - [0m23:39:53  10 of 18 START test not_null_intermediate__dim_products_id ..................... [RUN]
[2025-03-30T23:39:53.607+0000] {subprocess.py:106} INFO - [0m23:39:53  10 of 18 PASS not_null_intermediate__dim_products_id ........................... [[32mPASS[0m in 0.02s]
[2025-03-30T23:39:53.608+0000] {subprocess.py:106} INFO - [0m23:39:53  11 of 18 START test unique_intermediate__dim_products_id ....................... [RUN]
[2025-03-30T23:39:53.624+0000] {subprocess.py:106} INFO - [0m23:39:53  11 of 18 PASS unique_intermediate__dim_products_id ............................. [[32mPASS[0m in 0.02s]
[2025-03-30T23:39:53.626+0000] {subprocess.py:106} INFO - [0m23:39:53  12 of 18 START test not_null_intermediate__dim_retailers_id .................... [RUN]
[2025-03-30T23:39:53.642+0000] {subprocess.py:106} INFO - [0m23:39:53  12 of 18 PASS not_null_intermediate__dim_retailers_id .......................... [[32mPASS[0m in 0.02s]
[2025-03-30T23:39:53.643+0000] {subprocess.py:106} INFO - [0m23:39:53  13 of 18 START test unique_intermediate__dim_retailers_id ...................... [RUN]
[2025-03-30T23:39:53.660+0000] {subprocess.py:106} INFO - [0m23:39:53  13 of 18 PASS unique_intermediate__dim_retailers_id ............................ [[32mPASS[0m in 0.02s]
[2025-03-30T23:39:53.661+0000] {subprocess.py:106} INFO - [0m23:39:53  14 of 18 START test not_null_intermediate__fact_sales_id ....................... [RUN]
[2025-03-30T23:39:53.678+0000] {subprocess.py:106} INFO - [0m23:39:53  14 of 18 PASS not_null_intermediate__fact_sales_id ............................. [[32mPASS[0m in 0.02s]
[2025-03-30T23:39:53.679+0000] {subprocess.py:106} INFO - [0m23:39:53  15 of 18 START test unique_intermediate__fact_sales_id ......................... [RUN]
[2025-03-30T23:39:53.695+0000] {subprocess.py:106} INFO - [0m23:39:53  15 of 18 PASS unique_intermediate__fact_sales_id ............................... [[32mPASS[0m in 0.02s]
[2025-03-30T23:39:53.697+0000] {subprocess.py:106} INFO - [0m23:39:53  16 of 18 START sql incremental model mart.sales_metrics ........................ [RUN]
[2025-03-30T23:39:53.735+0000] {subprocess.py:106} INFO - [0m23:39:53  16 of 18 OK created sql incremental model mart.sales_metrics ................... [[32mINSERT 0 33[0m in 0.04s]
[2025-03-30T23:39:53.736+0000] {subprocess.py:106} INFO - [0m23:39:53  17 of 18 START test not_null_sales_metrics_sale_date ........................... [RUN]
[2025-03-30T23:39:53.752+0000] {subprocess.py:106} INFO - [0m23:39:53  17 of 18 PASS not_null_sales_metrics_sale_date ................................. [[32mPASS[0m in 0.02s]
[2025-03-30T23:39:53.753+0000] {subprocess.py:106} INFO - [0m23:39:53  18 of 18 START test unique_sales_metrics_sale_date ............................. [RUN]
[2025-03-30T23:39:53.772+0000] {subprocess.py:106} INFO - [0m23:39:53  18 of 18 PASS unique_sales_metrics_sale_date ................................... [[32mPASS[0m in 0.02s]
[2025-03-30T23:39:53.783+0000] {subprocess.py:106} INFO - [0m23:39:53
[2025-03-30T23:39:53.784+0000] {subprocess.py:106} INFO - [0m23:39:53  Finished running 4 incremental models, 13 data tests, 1 view model in 0 hours 0 minutes and 0.66 seconds (0.66s).
[2025-03-30T23:39:53.861+0000] {subprocess.py:106} INFO - [0m23:39:53
[2025-03-30T23:39:53.861+0000] {subprocess.py:106} INFO - [0m23:39:53  [32mCompleted successfully[0m
[2025-03-30T23:39:53.861+0000] {subprocess.py:106} INFO - [0m23:39:53
[2025-03-30T23:39:53.862+0000] {subprocess.py:106} INFO - [0m23:39:53  Done. PASS=18 WARN=0 ERROR=0 SKIP=0 TOTAL=18
[2025-03-30T23:39:54.724+0000] {subprocess.py:110} INFO - Command exited with return code 0
[2025-03-30T23:39:54.758+0000] {taskinstance.py:341} INFO - ::group::Post task execution logs
[2025-03-30T23:39:54.759+0000] {taskinstance.py:353} INFO - Marking task as SUCCESS. dag_id=sales_data, task_id=build_dbt, run_id=manual__2025-03-30T23:35:43.744902+00:00, execution_date=20250330T233543, start_date=20250330T233950, end_date=20250330T233954
[2025-03-30T23:39:54.825+0000] {local_task_job_runner.py:266} INFO - Task exited with return code 0
[2025-03-30T23:39:54.844+0000] {local_task_job_runner.py:245} INFO - ::endgroup::
