[2025-03-30T23:38:12.317+0000] {local_task_job_runner.py:123} INFO - ::group::Pre task execution logs
[2025-03-30T23:38:12.333+0000] {taskinstance.py:2614} INFO - Dependencies all met for dep_context=non-requeueable deps ti=<TaskInstance: sales_data.build_dbt manual__2025-03-30T23:35:43.744902+00:00 [queued]>
[2025-03-30T23:38:12.337+0000] {taskinstance.py:2614} INFO - Dependencies all met for dep_context=requeueable deps ti=<TaskInstance: sales_data.build_dbt manual__2025-03-30T23:35:43.744902+00:00 [queued]>
[2025-03-30T23:38:12.337+0000] {taskinstance.py:2867} INFO - Starting attempt 4 of 4
[2025-03-30T23:38:12.344+0000] {taskinstance.py:2890} INFO - Executing <Task(BashOperator): build_dbt> on 2025-03-30 23:35:43.744902+00:00
[2025-03-30T23:38:12.354+0000] {logging_mixin.py:190} WARNING - /home/airflow/.local/lib/python3.12/site-packages/airflow/task/task_runner/standard_task_runner.py:70 DeprecationWarning: This process (pid=426) is multi-threaded, use of fork() may lead to deadlocks in the child.
[2025-03-30T23:38:12.352+0000] {standard_task_runner.py:104} INFO - Running: ['airflow', 'tasks', 'run', 'sales_data', 'build_dbt', 'manual__2025-03-30T23:35:43.744902+00:00', '--job-id', '69', '--raw', '--subdir', 'DAGS_FOLDER/sales.py', '--cfg-path', '/tmp/tmpufx12852']
[2025-03-30T23:38:12.354+0000] {standard_task_runner.py:72} INFO - Started process 427 to run task
[2025-03-30T23:38:12.354+0000] {standard_task_runner.py:105} INFO - Job 69: Subtask build_dbt
[2025-03-30T23:38:12.395+0000] {task_command.py:467} INFO - Running <TaskInstance: sales_data.build_dbt manual__2025-03-30T23:35:43.744902+00:00 [running]> on host dce992005bb5
[2025-03-30T23:38:12.454+0000] {taskinstance.py:3134} INFO - Exporting env vars: AIRFLOW_CTX_DAG_OWNER='airflow' AIRFLOW_CTX_DAG_ID='sales_data' AIRFLOW_CTX_TASK_ID='build_dbt' AIRFLOW_CTX_EXECUTION_DATE='2025-03-30T23:35:43.744902+00:00' AIRFLOW_CTX_TRY_NUMBER='4' AIRFLOW_CTX_DAG_RUN_ID='manual__2025-03-30T23:35:43.744902+00:00'
[2025-03-30T23:38:12.455+0000] {taskinstance.py:732} INFO - ::endgroup::
[2025-03-30T23:38:12.469+0000] {subprocess.py:78} INFO - Tmp dir root location: /tmp
[2025-03-30T23:38:12.470+0000] {subprocess.py:88} INFO - Running command: ['/usr/bin/bash', '-c', 'cd ${AIRFLOW_HOME}/dags/dbt/hostaway_tht && dbt build --profiles-dir ./..']
[2025-03-30T23:38:12.479+0000] {subprocess.py:99} INFO - Output:
[2025-03-30T23:38:14.129+0000] {subprocess.py:106} INFO - [0m23:38:14  Running with dbt=1.9.3
[2025-03-30T23:38:14.336+0000] {subprocess.py:106} INFO - [0m23:38:14  Registered adapter: postgres=1.9.0
[2025-03-30T23:38:14.806+0000] {subprocess.py:106} INFO - [0m23:38:14  Found 5 models, 13 data tests, 1 source, 434 macros
[2025-03-30T23:38:14.808+0000] {subprocess.py:106} INFO - [0m23:38:14
[2025-03-30T23:38:14.808+0000] {subprocess.py:106} INFO - [0m23:38:14  Concurrency: 1 threads (target='dev')
[2025-03-30T23:38:14.808+0000] {subprocess.py:106} INFO - [0m23:38:14
[2025-03-30T23:38:14.980+0000] {subprocess.py:106} INFO - [0m23:38:14  1 of 18 START sql view model staging.staging__sales ............................ [RUN]
[2025-03-30T23:38:15.231+0000] {subprocess.py:106} INFO - [0m23:38:15  1 of 18 OK created sql view model staging.staging__sales ....................... [[32mCREATE VIEW[0m in 0.24s]
[2025-03-30T23:38:15.238+0000] {subprocess.py:106} INFO - [0m23:38:15  2 of 18 START test accepted_values_staging__sales_channel__Offline__Online ..... [RUN]
[2025-03-30T23:38:15.317+0000] {subprocess.py:106} INFO - [0m23:38:15  2 of 18 PASS accepted_values_staging__sales_channel__Offline__Online ........... [[32mPASS[0m in 0.08s]
[2025-03-30T23:38:15.318+0000] {subprocess.py:106} INFO - [0m23:38:15  3 of 18 START test not_null_staging__sales_id .................................. [RUN]
[2025-03-30T23:38:15.344+0000] {subprocess.py:106} INFO - [0m23:38:15  3 of 18 PASS not_null_staging__sales_id ........................................ [[32mPASS[0m in 0.03s]
[2025-03-30T23:38:15.345+0000] {subprocess.py:106} INFO - [0m23:38:15  4 of 18 START test not_null_staging__sales_product_id .......................... [RUN]
[2025-03-30T23:38:15.365+0000] {subprocess.py:106} INFO - [0m23:38:15  4 of 18 PASS not_null_staging__sales_product_id ................................ [[32mPASS[0m in 0.02s]
[2025-03-30T23:38:15.366+0000] {subprocess.py:106} INFO - [0m23:38:15  5 of 18 START test not_null_staging__sales_retailer_id ......................... [RUN]
[2025-03-30T23:38:15.382+0000] {subprocess.py:106} INFO - [0m23:38:15  5 of 18 PASS not_null_staging__sales_retailer_id ............................... [[32mPASS[0m in 0.02s]
[2025-03-30T23:38:15.384+0000] {subprocess.py:106} INFO - [0m23:38:15  6 of 18 START test unique_staging__sales_id .................................... [RUN]
[2025-03-30T23:38:15.401+0000] {subprocess.py:106} INFO - [0m23:38:15  6 of 18 PASS unique_staging__sales_id .......................................... [[32mPASS[0m in 0.02s]
[2025-03-30T23:38:15.403+0000] {subprocess.py:106} INFO - [0m23:38:15  7 of 18 START sql incremental model intermediate.intermediate__dim_products .... [RUN]
[2025-03-30T23:38:15.543+0000] {subprocess.py:106} INFO - [0m23:38:15  7 of 18 OK created sql incremental model intermediate.intermediate__dim_products  [[32mINSERT 0 9[0m in 0.14s]
[2025-03-30T23:38:15.544+0000] {subprocess.py:106} INFO - [0m23:38:15  8 of 18 START sql incremental model intermediate.intermediate__dim_retailers ... [RUN]
[2025-03-30T23:38:15.579+0000] {subprocess.py:106} INFO - [0m23:38:15  8 of 18 OK created sql incremental model intermediate.intermediate__dim_retailers  [[32mINSERT 0 3[0m in 0.03s]
[2025-03-30T23:38:15.580+0000] {subprocess.py:106} INFO - [0m23:38:15  9 of 18 START sql incremental model intermediate.intermediate__fact_sales ...... [RUN]
[2025-03-30T23:38:15.617+0000] {subprocess.py:106} INFO - [0m23:38:15  9 of 18 OK created sql incremental model intermediate.intermediate__fact_sales . [[32mINSERT 0 1[0m in 0.04s]
[2025-03-30T23:38:15.618+0000] {subprocess.py:106} INFO - [0m23:38:15  10 of 18 START test not_null_intermediate__dim_products_id ..................... [RUN]
[2025-03-30T23:38:15.635+0000] {subprocess.py:106} INFO - [0m23:38:15  10 of 18 PASS not_null_intermediate__dim_products_id ........................... [[32mPASS[0m in 0.02s]
[2025-03-30T23:38:15.636+0000] {subprocess.py:106} INFO - [0m23:38:15  11 of 18 START test unique_intermediate__dim_products_id ....................... [RUN]
[2025-03-30T23:38:15.653+0000] {subprocess.py:106} INFO - [0m23:38:15  11 of 18 PASS unique_intermediate__dim_products_id ............................. [[32mPASS[0m in 0.02s]
[2025-03-30T23:38:15.654+0000] {subprocess.py:106} INFO - [0m23:38:15  12 of 18 START test not_null_intermediate__dim_retailers_id .................... [RUN]
[2025-03-30T23:38:15.670+0000] {subprocess.py:106} INFO - [0m23:38:15  12 of 18 PASS not_null_intermediate__dim_retailers_id .......................... [[32mPASS[0m in 0.02s]
[2025-03-30T23:38:15.671+0000] {subprocess.py:106} INFO - [0m23:38:15  13 of 18 START test unique_intermediate__dim_retailers_id ...................... [RUN]
[2025-03-30T23:38:15.686+0000] {subprocess.py:106} INFO - [0m23:38:15  13 of 18 PASS unique_intermediate__dim_retailers_id ............................ [[32mPASS[0m in 0.02s]
[2025-03-30T23:38:15.687+0000] {subprocess.py:106} INFO - [0m23:38:15  14 of 18 START test not_null_intermediate__fact_sales_id ....................... [RUN]
[2025-03-30T23:38:15.703+0000] {subprocess.py:106} INFO - [0m23:38:15  14 of 18 PASS not_null_intermediate__fact_sales_id ............................. [[32mPASS[0m in 0.02s]
[2025-03-30T23:38:15.704+0000] {subprocess.py:106} INFO - [0m23:38:15  15 of 18 START test unique_intermediate__fact_sales_id ......................... [RUN]
[2025-03-30T23:38:15.722+0000] {subprocess.py:106} INFO - [0m23:38:15  15 of 18 PASS unique_intermediate__fact_sales_id ............................... [[32mPASS[0m in 0.02s]
[2025-03-30T23:38:15.723+0000] {subprocess.py:106} INFO - [0m23:38:15  16 of 18 START sql incremental model mart.sales_metrics ........................ [RUN]
[2025-03-30T23:38:15.762+0000] {subprocess.py:106} INFO - [0m23:38:15  16 of 18 OK created sql incremental model mart.sales_metrics ................... [[32mINSERT 0 1[0m in 0.04s]
[2025-03-30T23:38:15.763+0000] {subprocess.py:106} INFO - [0m23:38:15  17 of 18 START test not_null_sales_metrics_sale_date ........................... [RUN]
[2025-03-30T23:38:15.780+0000] {subprocess.py:106} INFO - [0m23:38:15  17 of 18 PASS not_null_sales_metrics_sale_date ................................. [[32mPASS[0m in 0.02s]
[2025-03-30T23:38:15.781+0000] {subprocess.py:106} INFO - [0m23:38:15  18 of 18 START test unique_sales_metrics_sale_date ............................. [RUN]
[2025-03-30T23:38:15.801+0000] {subprocess.py:106} INFO - [0m23:38:15  18 of 18 PASS unique_sales_metrics_sale_date ................................... [[32mPASS[0m in 0.02s]
[2025-03-30T23:38:15.811+0000] {subprocess.py:106} INFO - [0m23:38:15
[2025-03-30T23:38:15.812+0000] {subprocess.py:106} INFO - [0m23:38:15  Finished running 4 incremental models, 13 data tests, 1 view model in 0 hours 0 minutes and 1.00 seconds (1.00s).
[2025-03-30T23:38:15.843+0000] {subprocess.py:106} INFO - [0m23:38:15
[2025-03-30T23:38:15.843+0000] {subprocess.py:106} INFO - [0m23:38:15  [32mCompleted successfully[0m
[2025-03-30T23:38:15.844+0000] {subprocess.py:106} INFO - [0m23:38:15
[2025-03-30T23:38:15.844+0000] {subprocess.py:106} INFO - [0m23:38:15  Done. PASS=18 WARN=0 ERROR=0 SKIP=0 TOTAL=18
[2025-03-30T23:38:16.752+0000] {subprocess.py:110} INFO - Command exited with return code 0
[2025-03-30T23:38:16.780+0000] {taskinstance.py:341} INFO - ::group::Post task execution logs
[2025-03-30T23:38:16.783+0000] {taskinstance.py:353} INFO - Marking task as SUCCESS. dag_id=sales_data, task_id=build_dbt, run_id=manual__2025-03-30T23:35:43.744902+00:00, execution_date=20250330T233543, start_date=20250330T233812, end_date=20250330T233816
[2025-03-30T23:38:16.854+0000] {local_task_job_runner.py:266} INFO - Task exited with return code 0
[2025-03-30T23:38:16.876+0000] {taskinstance.py:3901} INFO - 0 downstream tasks scheduled from follow-on schedule check
[2025-03-30T23:38:16.878+0000] {local_task_job_runner.py:245} INFO - ::endgroup::
