[2025-03-30T23:20:26.123+0000] {local_task_job_runner.py:123} INFO - ::group::Pre task execution logs
[2025-03-30T23:20:26.137+0000] {taskinstance.py:2614} INFO - Dependencies all met for dep_context=non-requeueable deps ti=<TaskInstance: sales_data.build_dbt manual__2025-03-30T23:20:12.337695+00:00 [queued]>
[2025-03-30T23:20:26.141+0000] {taskinstance.py:2614} INFO - Dependencies all met for dep_context=requeueable deps ti=<TaskInstance: sales_data.build_dbt manual__2025-03-30T23:20:12.337695+00:00 [queued]>
[2025-03-30T23:20:26.142+0000] {taskinstance.py:2867} INFO - Starting attempt 1 of 1
[2025-03-30T23:20:26.147+0000] {taskinstance.py:2890} INFO - Executing <Task(BashOperator): build_dbt> on 2025-03-30 23:20:12.337695+00:00
[2025-03-30T23:20:26.154+0000] {logging_mixin.py:190} WARNING - /home/airflow/.local/lib/python3.12/site-packages/airflow/task/task_runner/standard_task_runner.py:70 DeprecationWarning: This process (pid=287) is multi-threaded, use of fork() may lead to deadlocks in the child.
[2025-03-30T23:20:26.154+0000] {standard_task_runner.py:72} INFO - Started process 288 to run task
[2025-03-30T23:20:26.153+0000] {standard_task_runner.py:104} INFO - Running: ['airflow', 'tasks', 'run', 'sales_data', 'build_dbt', 'manual__2025-03-30T23:20:12.337695+00:00', '--job-id', '62', '--raw', '--subdir', 'DAGS_FOLDER/sales.py', '--cfg-path', '/tmp/tmp6pwbpshf']
[2025-03-30T23:20:26.155+0000] {standard_task_runner.py:105} INFO - Job 62: Subtask build_dbt
[2025-03-30T23:20:26.189+0000] {task_command.py:467} INFO - Running <TaskInstance: sales_data.build_dbt manual__2025-03-30T23:20:12.337695+00:00 [running]> on host 116604fba131
[2025-03-30T23:20:26.239+0000] {taskinstance.py:3134} INFO - Exporting env vars: AIRFLOW_CTX_DAG_OWNER='airflow' AIRFLOW_CTX_DAG_ID='sales_data' AIRFLOW_CTX_TASK_ID='build_dbt' AIRFLOW_CTX_EXECUTION_DATE='2025-03-30T23:20:12.337695+00:00' AIRFLOW_CTX_TRY_NUMBER='1' AIRFLOW_CTX_DAG_RUN_ID='manual__2025-03-30T23:20:12.337695+00:00'
[2025-03-30T23:20:26.239+0000] {taskinstance.py:732} INFO - ::endgroup::
[2025-03-30T23:20:26.248+0000] {subprocess.py:78} INFO - Tmp dir root location: /tmp
[2025-03-30T23:20:26.249+0000] {subprocess.py:88} INFO - Running command: ['/usr/bin/bash', '-c', 'cd ${AIRFLOW_HOME}/dags/dbt/hostaway_tht && dbt build --profiles-dir ./..']
[2025-03-30T23:20:26.256+0000] {subprocess.py:99} INFO - Output:
[2025-03-30T23:20:27.461+0000] {subprocess.py:106} INFO - [0m23:20:27  Running with dbt=1.9.3
[2025-03-30T23:20:27.580+0000] {subprocess.py:106} INFO - [0m23:20:27  Registered adapter: postgres=1.9.0
[2025-03-30T23:20:27.676+0000] {subprocess.py:106} INFO - [0m23:20:27  Unable to do partial parsing because a project config has changed
[2025-03-30T23:20:28.269+0000] {subprocess.py:106} INFO - [0m23:20:28  [[33mWARNING[0m]: Configuration paths exist in your dbt_project.yml file which do not apply to any resources.
[2025-03-30T23:20:28.269+0000] {subprocess.py:106} INFO - There are 1 unused configuration paths:
[2025-03-30T23:20:28.269+0000] {subprocess.py:106} INFO - - models.hostaway_tht.mart
[2025-03-30T23:20:28.352+0000] {subprocess.py:106} INFO - [0m23:20:28  Found 4 models, 11 data tests, 1 source, 434 macros
[2025-03-30T23:20:28.353+0000] {subprocess.py:106} INFO - [0m23:20:28
[2025-03-30T23:20:28.354+0000] {subprocess.py:106} INFO - [0m23:20:28  Concurrency: 1 threads (target='dev')
[2025-03-30T23:20:28.354+0000] {subprocess.py:106} INFO - [0m23:20:28
[2025-03-30T23:20:28.457+0000] {subprocess.py:106} INFO - [0m23:20:28  1 of 15 START sql view model staging.staging__sales ............................ [RUN]
[2025-03-30T23:20:28.517+0000] {subprocess.py:106} INFO - [0m23:20:28  1 of 15 OK created sql view model staging.staging__sales ....................... [[32mCREATE VIEW[0m in 0.06s]
[2025-03-30T23:20:28.518+0000] {subprocess.py:106} INFO - [0m23:20:28  2 of 15 START test accepted_values_staging__sales_channel__Offline__Online ..... [RUN]
[2025-03-30T23:20:28.548+0000] {subprocess.py:106} INFO - [0m23:20:28  2 of 15 PASS accepted_values_staging__sales_channel__Offline__Online ........... [[32mPASS[0m in 0.03s]
[2025-03-30T23:20:28.548+0000] {subprocess.py:106} INFO - [0m23:20:28  3 of 15 START test not_null_staging__sales_id .................................. [RUN]
[2025-03-30T23:20:28.568+0000] {subprocess.py:106} INFO - [0m23:20:28  3 of 15 PASS not_null_staging__sales_id ........................................ [[32mPASS[0m in 0.02s]
[2025-03-30T23:20:28.569+0000] {subprocess.py:106} INFO - [0m23:20:28  4 of 15 START test not_null_staging__sales_product_id .......................... [RUN]
[2025-03-30T23:20:28.587+0000] {subprocess.py:106} INFO - [0m23:20:28  4 of 15 PASS not_null_staging__sales_product_id ................................ [[32mPASS[0m in 0.02s]
[2025-03-30T23:20:28.588+0000] {subprocess.py:106} INFO - [0m23:20:28  5 of 15 START test not_null_staging__sales_retailer_id ......................... [RUN]
[2025-03-30T23:20:28.607+0000] {subprocess.py:106} INFO - [0m23:20:28  5 of 15 PASS not_null_staging__sales_retailer_id ............................... [[32mPASS[0m in 0.02s]
[2025-03-30T23:20:28.608+0000] {subprocess.py:106} INFO - [0m23:20:28  6 of 15 START test unique_staging__sales_id .................................... [RUN]
[2025-03-30T23:20:28.627+0000] {subprocess.py:106} INFO - [0m23:20:28  6 of 15 PASS unique_staging__sales_id .......................................... [[32mPASS[0m in 0.02s]
[2025-03-30T23:20:28.629+0000] {subprocess.py:106} INFO - [0m23:20:28  7 of 15 START sql incremental model intermediate.intermediate__dim_products .... [RUN]
[2025-03-30T23:20:28.668+0000] {subprocess.py:106} INFO - [0m23:20:28  7 of 15 OK created sql incremental model intermediate.intermediate__dim_products  [[32mSELECT 9[0m in 0.04s]
[2025-03-30T23:20:28.670+0000] {subprocess.py:106} INFO - [0m23:20:28  8 of 15 START sql incremental model intermediate.intermediate__dim_retailers ... [RUN]
[2025-03-30T23:20:28.690+0000] {subprocess.py:106} INFO - [0m23:20:28  8 of 15 OK created sql incremental model intermediate.intermediate__dim_retailers  [[32mSELECT 3[0m in 0.02s]
[2025-03-30T23:20:28.691+0000] {subprocess.py:106} INFO - [0m23:20:28  9 of 15 START sql incremental model intermediate.intermediate__fact_sales ...... [RUN]
[2025-03-30T23:20:28.712+0000] {subprocess.py:106} INFO - [0m23:20:28  9 of 15 OK created sql incremental model intermediate.intermediate__fact_sales . [[32mSELECT 1005[0m in 0.02s]
[2025-03-30T23:20:28.713+0000] {subprocess.py:106} INFO - [0m23:20:28  10 of 15 START test not_null_intermediate__dim_products_id ..................... [RUN]
[2025-03-30T23:20:28.729+0000] {subprocess.py:106} INFO - [0m23:20:28  10 of 15 PASS not_null_intermediate__dim_products_id ........................... [[32mPASS[0m in 0.02s]
[2025-03-30T23:20:28.730+0000] {subprocess.py:106} INFO - [0m23:20:28  11 of 15 START test unique_intermediate__dim_products_id ....................... [RUN]
[2025-03-30T23:20:28.747+0000] {subprocess.py:106} INFO - [0m23:20:28  11 of 15 PASS unique_intermediate__dim_products_id ............................. [[32mPASS[0m in 0.02s]
[2025-03-30T23:20:28.748+0000] {subprocess.py:106} INFO - [0m23:20:28  12 of 15 START test not_null_intermediate__dim_retailers_id .................... [RUN]
[2025-03-30T23:20:28.764+0000] {subprocess.py:106} INFO - [0m23:20:28  12 of 15 PASS not_null_intermediate__dim_retailers_id .......................... [[32mPASS[0m in 0.02s]
[2025-03-30T23:20:28.765+0000] {subprocess.py:106} INFO - [0m23:20:28  13 of 15 START test unique_intermediate__dim_retailers_id ...................... [RUN]
[2025-03-30T23:20:28.781+0000] {subprocess.py:106} INFO - [0m23:20:28  13 of 15 PASS unique_intermediate__dim_retailers_id ............................ [[32mPASS[0m in 0.02s]
[2025-03-30T23:20:28.782+0000] {subprocess.py:106} INFO - [0m23:20:28  14 of 15 START test not_null_intermediate__fact_sales_id ....................... [RUN]
[2025-03-30T23:20:28.798+0000] {subprocess.py:106} INFO - [0m23:20:28  14 of 15 PASS not_null_intermediate__fact_sales_id ............................. [[32mPASS[0m in 0.02s]
[2025-03-30T23:20:28.799+0000] {subprocess.py:106} INFO - [0m23:20:28  15 of 15 START test unique_intermediate__fact_sales_id ......................... [RUN]
[2025-03-30T23:20:28.817+0000] {subprocess.py:106} INFO - [0m23:20:28  15 of 15 PASS unique_intermediate__fact_sales_id ............................... [[32mPASS[0m in 0.02s]
[2025-03-30T23:20:28.826+0000] {subprocess.py:106} INFO - [0m23:20:28
[2025-03-30T23:20:28.827+0000] {subprocess.py:106} INFO - [0m23:20:28  Finished running 3 incremental models, 11 data tests, 1 view model in 0 hours 0 minutes and 0.47 seconds (0.47s).
[2025-03-30T23:20:28.851+0000] {subprocess.py:106} INFO - [0m23:20:28
[2025-03-30T23:20:28.852+0000] {subprocess.py:106} INFO - [0m23:20:28  [32mCompleted successfully[0m
[2025-03-30T23:20:28.852+0000] {subprocess.py:106} INFO - [0m23:20:28
[2025-03-30T23:20:28.852+0000] {subprocess.py:106} INFO - [0m23:20:28  Done. PASS=15 WARN=0 ERROR=0 SKIP=0 TOTAL=15
[2025-03-30T23:20:29.646+0000] {subprocess.py:110} INFO - Command exited with return code 0
[2025-03-30T23:20:29.681+0000] {taskinstance.py:341} INFO - ::group::Post task execution logs
[2025-03-30T23:20:29.682+0000] {taskinstance.py:353} INFO - Marking task as SUCCESS. dag_id=sales_data, task_id=build_dbt, run_id=manual__2025-03-30T23:20:12.337695+00:00, execution_date=20250330T232012, start_date=20250330T232026, end_date=20250330T232029
[2025-03-30T23:20:29.772+0000] {local_task_job_runner.py:266} INFO - Task exited with return code 0
[2025-03-30T23:20:29.794+0000] {taskinstance.py:3901} INFO - 0 downstream tasks scheduled from follow-on schedule check
[2025-03-30T23:20:29.796+0000] {local_task_job_runner.py:245} INFO - ::endgroup::
