[2025-03-31T00:00:28.350+0000] {processor.py:186} INFO - Started process (PID=749) to work on /opt/airflow/dags/sales.py
[2025-03-31T00:00:28.351+0000] {processor.py:914} INFO - Processing file /opt/airflow/dags/sales.py for tasks to queue
[2025-03-31T00:00:28.356+0000] {logging_mixin.py:190} INFO - [2025-03-31T00:00:28.355+0000] {dagbag.py:588} INFO - Filling up the DagBag from /opt/airflow/dags/sales.py
[2025-03-31T00:00:28.376+0000] {processor.py:925} INFO - DAG(s) 'sales_data' retrieved from /opt/airflow/dags/sales.py
[2025-03-31T00:00:28.417+0000] {logging_mixin.py:190} INFO - [2025-03-31T00:00:28.417+0000] {dag.py:3239} INFO - Sync 1 DAGs
[2025-03-31T00:00:28.453+0000] {logging_mixin.py:190} INFO - [2025-03-31T00:00:28.453+0000] {dag.py:4180} INFO - Setting next_dagrun for sales_data to 2025-03-31 00:00:00+00:00, run_after=2025-04-01 00:00:00+00:00
[2025-03-31T00:00:28.470+0000] {processor.py:208} INFO - Processing /opt/airflow/dags/sales.py took 0.135 seconds
[2025-03-31T00:00:59.639+0000] {processor.py:186} INFO - Started process (PID=771) to work on /opt/airflow/dags/sales.py
[2025-03-31T00:00:59.642+0000] {processor.py:914} INFO - Processing file /opt/airflow/dags/sales.py for tasks to queue
[2025-03-31T00:00:59.656+0000] {logging_mixin.py:190} INFO - [2025-03-31T00:00:59.655+0000] {dagbag.py:588} INFO - Filling up the DagBag from /opt/airflow/dags/sales.py
[2025-03-31T00:00:59.689+0000] {processor.py:925} INFO - DAG(s) 'sales_data' retrieved from /opt/airflow/dags/sales.py
[2025-03-31T00:00:59.734+0000] {logging_mixin.py:190} INFO - [2025-03-31T00:00:59.734+0000] {dag.py:3239} INFO - Sync 1 DAGs
[2025-03-31T00:00:59.754+0000] {logging_mixin.py:190} INFO - [2025-03-31T00:00:59.754+0000] {dag.py:4180} INFO - Setting next_dagrun for sales_data to 2025-03-31 00:00:00+00:00, run_after=2025-04-01 00:00:00+00:00
[2025-03-31T00:00:59.764+0000] {processor.py:208} INFO - Processing /opt/airflow/dags/sales.py took 0.275 seconds
[2025-03-31T00:01:29.908+0000] {processor.py:186} INFO - Started process (PID=792) to work on /opt/airflow/dags/sales.py
[2025-03-31T00:01:29.910+0000] {processor.py:914} INFO - Processing file /opt/airflow/dags/sales.py for tasks to queue
[2025-03-31T00:01:29.915+0000] {logging_mixin.py:190} INFO - [2025-03-31T00:01:29.915+0000] {dagbag.py:588} INFO - Filling up the DagBag from /opt/airflow/dags/sales.py
[2025-03-31T00:01:29.936+0000] {processor.py:925} INFO - DAG(s) 'sales_data' retrieved from /opt/airflow/dags/sales.py
[2025-03-31T00:01:30.030+0000] {logging_mixin.py:190} INFO - [2025-03-31T00:01:30.030+0000] {dag.py:3239} INFO - Sync 1 DAGs
[2025-03-31T00:01:30.059+0000] {logging_mixin.py:190} INFO - [2025-03-31T00:01:30.059+0000] {dag.py:4180} INFO - Setting next_dagrun for sales_data to 2025-03-31 00:00:00+00:00, run_after=2025-04-01 00:00:00+00:00
[2025-03-31T00:01:30.078+0000] {processor.py:208} INFO - Processing /opt/airflow/dags/sales.py took 0.192 seconds
[2025-03-31T00:02:00.724+0000] {processor.py:186} INFO - Started process (PID=821) to work on /opt/airflow/dags/sales.py
[2025-03-31T00:02:00.726+0000] {processor.py:914} INFO - Processing file /opt/airflow/dags/sales.py for tasks to queue
[2025-03-31T00:02:00.732+0000] {logging_mixin.py:190} INFO - [2025-03-31T00:02:00.731+0000] {dagbag.py:588} INFO - Filling up the DagBag from /opt/airflow/dags/sales.py
[2025-03-31T00:02:00.779+0000] {processor.py:925} INFO - DAG(s) 'sales_data' retrieved from /opt/airflow/dags/sales.py
[2025-03-31T00:02:00.842+0000] {logging_mixin.py:190} INFO - [2025-03-31T00:02:00.842+0000] {dag.py:3239} INFO - Sync 1 DAGs
[2025-03-31T00:02:00.863+0000] {logging_mixin.py:190} INFO - [2025-03-31T00:02:00.863+0000] {dag.py:4180} INFO - Setting next_dagrun for sales_data to 2025-03-31 00:00:00+00:00, run_after=2025-04-01 00:00:00+00:00
[2025-03-31T00:02:00.877+0000] {processor.py:208} INFO - Processing /opt/airflow/dags/sales.py took 0.208 seconds
[2025-03-31T00:02:31.188+0000] {processor.py:186} INFO - Started process (PID=841) to work on /opt/airflow/dags/sales.py
[2025-03-31T00:02:31.189+0000] {processor.py:914} INFO - Processing file /opt/airflow/dags/sales.py for tasks to queue
[2025-03-31T00:02:31.194+0000] {logging_mixin.py:190} INFO - [2025-03-31T00:02:31.193+0000] {dagbag.py:588} INFO - Filling up the DagBag from /opt/airflow/dags/sales.py
[2025-03-31T00:02:31.210+0000] {processor.py:925} INFO - DAG(s) 'sales_data' retrieved from /opt/airflow/dags/sales.py
[2025-03-31T00:02:31.256+0000] {logging_mixin.py:190} INFO - [2025-03-31T00:02:31.256+0000] {dag.py:3239} INFO - Sync 1 DAGs
[2025-03-31T00:02:31.273+0000] {logging_mixin.py:190} INFO - [2025-03-31T00:02:31.273+0000] {dag.py:4180} INFO - Setting next_dagrun for sales_data to 2025-03-31 00:00:00+00:00, run_after=2025-04-01 00:00:00+00:00
[2025-03-31T00:02:31.283+0000] {processor.py:208} INFO - Processing /opt/airflow/dags/sales.py took 0.147 seconds
[2025-03-31T00:03:01.694+0000] {processor.py:186} INFO - Started process (PID=870) to work on /opt/airflow/dags/sales.py
[2025-03-31T00:03:01.695+0000] {processor.py:914} INFO - Processing file /opt/airflow/dags/sales.py for tasks to queue
[2025-03-31T00:03:01.700+0000] {logging_mixin.py:190} INFO - [2025-03-31T00:03:01.699+0000] {dagbag.py:588} INFO - Filling up the DagBag from /opt/airflow/dags/sales.py
[2025-03-31T00:03:01.717+0000] {processor.py:925} INFO - DAG(s) 'sales_data' retrieved from /opt/airflow/dags/sales.py
[2025-03-31T00:03:01.770+0000] {logging_mixin.py:190} INFO - [2025-03-31T00:03:01.770+0000] {dag.py:3239} INFO - Sync 1 DAGs
[2025-03-31T00:03:01.791+0000] {logging_mixin.py:190} INFO - [2025-03-31T00:03:01.791+0000] {dag.py:4180} INFO - Setting next_dagrun for sales_data to 2025-03-31 00:00:00+00:00, run_after=2025-04-01 00:00:00+00:00
[2025-03-31T00:03:01.804+0000] {processor.py:208} INFO - Processing /opt/airflow/dags/sales.py took 0.128 seconds
[2025-03-31T00:03:32.056+0000] {processor.py:186} INFO - Started process (PID=891) to work on /opt/airflow/dags/sales.py
[2025-03-31T00:03:32.057+0000] {processor.py:914} INFO - Processing file /opt/airflow/dags/sales.py for tasks to queue
[2025-03-31T00:03:32.062+0000] {logging_mixin.py:190} INFO - [2025-03-31T00:03:32.061+0000] {dagbag.py:588} INFO - Filling up the DagBag from /opt/airflow/dags/sales.py
[2025-03-31T00:03:32.077+0000] {processor.py:925} INFO - DAG(s) 'sales_data' retrieved from /opt/airflow/dags/sales.py
[2025-03-31T00:03:32.103+0000] {logging_mixin.py:190} INFO - [2025-03-31T00:03:32.102+0000] {dag.py:3239} INFO - Sync 1 DAGs
[2025-03-31T00:03:32.129+0000] {logging_mixin.py:190} INFO - [2025-03-31T00:03:32.129+0000] {dag.py:4180} INFO - Setting next_dagrun for sales_data to 2025-03-31 00:00:00+00:00, run_after=2025-04-01 00:00:00+00:00
[2025-03-31T00:03:32.143+0000] {processor.py:208} INFO - Processing /opt/airflow/dags/sales.py took 0.102 seconds
[2025-03-31T00:04:02.991+0000] {processor.py:186} INFO - Started process (PID=920) to work on /opt/airflow/dags/sales.py
[2025-03-31T00:04:02.994+0000] {processor.py:914} INFO - Processing file /opt/airflow/dags/sales.py for tasks to queue
[2025-03-31T00:04:03.022+0000] {logging_mixin.py:190} INFO - [2025-03-31T00:04:03.020+0000] {dagbag.py:588} INFO - Filling up the DagBag from /opt/airflow/dags/sales.py
[2025-03-31T00:04:03.098+0000] {processor.py:925} INFO - DAG(s) 'sales_data' retrieved from /opt/airflow/dags/sales.py
[2025-03-31T00:04:03.174+0000] {logging_mixin.py:190} INFO - [2025-03-31T00:04:03.174+0000] {dag.py:3239} INFO - Sync 1 DAGs
[2025-03-31T00:04:03.193+0000] {logging_mixin.py:190} INFO - [2025-03-31T00:04:03.193+0000] {dag.py:4180} INFO - Setting next_dagrun for sales_data to 2025-03-31 00:00:00+00:00, run_after=2025-04-01 00:00:00+00:00
[2025-03-31T00:04:03.204+0000] {processor.py:208} INFO - Processing /opt/airflow/dags/sales.py took 0.284 seconds
[2025-03-31T00:04:33.299+0000] {processor.py:186} INFO - Started process (PID=948) to work on /opt/airflow/dags/sales.py
[2025-03-31T00:04:33.301+0000] {processor.py:914} INFO - Processing file /opt/airflow/dags/sales.py for tasks to queue
[2025-03-31T00:04:33.305+0000] {logging_mixin.py:190} INFO - [2025-03-31T00:04:33.305+0000] {dagbag.py:588} INFO - Filling up the DagBag from /opt/airflow/dags/sales.py
[2025-03-31T00:04:33.323+0000] {processor.py:925} INFO - DAG(s) 'sales_data' retrieved from /opt/airflow/dags/sales.py
[2025-03-31T00:04:33.361+0000] {logging_mixin.py:190} INFO - [2025-03-31T00:04:33.361+0000] {dag.py:3239} INFO - Sync 1 DAGs
[2025-03-31T00:04:33.385+0000] {logging_mixin.py:190} INFO - [2025-03-31T00:04:33.385+0000] {dag.py:4180} INFO - Setting next_dagrun for sales_data to 2025-03-31 00:00:00+00:00, run_after=2025-04-01 00:00:00+00:00
[2025-03-31T00:04:33.409+0000] {processor.py:208} INFO - Processing /opt/airflow/dags/sales.py took 0.133 seconds
[2025-03-31T00:05:03.852+0000] {processor.py:186} INFO - Started process (PID=969) to work on /opt/airflow/dags/sales.py
[2025-03-31T00:05:03.853+0000] {processor.py:914} INFO - Processing file /opt/airflow/dags/sales.py for tasks to queue
[2025-03-31T00:05:03.857+0000] {logging_mixin.py:190} INFO - [2025-03-31T00:05:03.856+0000] {dagbag.py:588} INFO - Filling up the DagBag from /opt/airflow/dags/sales.py
[2025-03-31T00:05:03.873+0000] {processor.py:925} INFO - DAG(s) 'sales_data' retrieved from /opt/airflow/dags/sales.py
[2025-03-31T00:05:03.904+0000] {logging_mixin.py:190} INFO - [2025-03-31T00:05:03.904+0000] {dag.py:3239} INFO - Sync 1 DAGs
[2025-03-31T00:05:03.928+0000] {logging_mixin.py:190} INFO - [2025-03-31T00:05:03.928+0000] {dag.py:4180} INFO - Setting next_dagrun for sales_data to 2025-03-31 00:00:00+00:00, run_after=2025-04-01 00:00:00+00:00
[2025-03-31T00:05:03.938+0000] {processor.py:208} INFO - Processing /opt/airflow/dags/sales.py took 0.112 seconds
[2025-03-31T00:05:34.316+0000] {processor.py:186} INFO - Started process (PID=990) to work on /opt/airflow/dags/sales.py
[2025-03-31T00:05:34.318+0000] {processor.py:914} INFO - Processing file /opt/airflow/dags/sales.py for tasks to queue
[2025-03-31T00:05:34.323+0000] {logging_mixin.py:190} INFO - [2025-03-31T00:05:34.322+0000] {dagbag.py:588} INFO - Filling up the DagBag from /opt/airflow/dags/sales.py
[2025-03-31T00:05:34.342+0000] {processor.py:925} INFO - DAG(s) 'sales_data' retrieved from /opt/airflow/dags/sales.py
[2025-03-31T00:05:34.398+0000] {logging_mixin.py:190} INFO - [2025-03-31T00:05:34.398+0000] {dag.py:3239} INFO - Sync 1 DAGs
[2025-03-31T00:05:34.416+0000] {logging_mixin.py:190} INFO - [2025-03-31T00:05:34.416+0000] {dag.py:4180} INFO - Setting next_dagrun for sales_data to 2025-03-31 00:00:00+00:00, run_after=2025-04-01 00:00:00+00:00
[2025-03-31T00:05:34.427+0000] {processor.py:208} INFO - Processing /opt/airflow/dags/sales.py took 0.128 seconds
[2025-03-31T00:06:04.939+0000] {processor.py:186} INFO - Started process (PID=1019) to work on /opt/airflow/dags/sales.py
[2025-03-31T00:06:04.941+0000] {processor.py:914} INFO - Processing file /opt/airflow/dags/sales.py for tasks to queue
[2025-03-31T00:06:04.946+0000] {logging_mixin.py:190} INFO - [2025-03-31T00:06:04.945+0000] {dagbag.py:588} INFO - Filling up the DagBag from /opt/airflow/dags/sales.py
[2025-03-31T00:06:04.975+0000] {processor.py:925} INFO - DAG(s) 'sales_data' retrieved from /opt/airflow/dags/sales.py
[2025-03-31T00:06:05.024+0000] {logging_mixin.py:190} INFO - [2025-03-31T00:06:05.024+0000] {dag.py:3239} INFO - Sync 1 DAGs
[2025-03-31T00:06:05.044+0000] {logging_mixin.py:190} INFO - [2025-03-31T00:06:05.044+0000] {dag.py:4180} INFO - Setting next_dagrun for sales_data to 2025-03-31 00:00:00+00:00, run_after=2025-04-01 00:00:00+00:00
[2025-03-31T00:06:05.054+0000] {processor.py:208} INFO - Processing /opt/airflow/dags/sales.py took 0.144 seconds
[2025-03-31T00:06:35.400+0000] {processor.py:186} INFO - Started process (PID=1040) to work on /opt/airflow/dags/sales.py
[2025-03-31T00:06:35.402+0000] {processor.py:914} INFO - Processing file /opt/airflow/dags/sales.py for tasks to queue
[2025-03-31T00:06:35.406+0000] {logging_mixin.py:190} INFO - [2025-03-31T00:06:35.406+0000] {dagbag.py:588} INFO - Filling up the DagBag from /opt/airflow/dags/sales.py
[2025-03-31T00:06:35.425+0000] {processor.py:925} INFO - DAG(s) 'sales_data' retrieved from /opt/airflow/dags/sales.py
[2025-03-31T00:06:35.472+0000] {logging_mixin.py:190} INFO - [2025-03-31T00:06:35.472+0000] {dag.py:3239} INFO - Sync 1 DAGs
[2025-03-31T00:06:35.502+0000] {logging_mixin.py:190} INFO - [2025-03-31T00:06:35.502+0000] {dag.py:4180} INFO - Setting next_dagrun for sales_data to 2025-03-31 00:00:00+00:00, run_after=2025-04-01 00:00:00+00:00
[2025-03-31T00:06:35.514+0000] {processor.py:208} INFO - Processing /opt/airflow/dags/sales.py took 0.134 seconds
[2025-03-31T00:07:05.959+0000] {processor.py:186} INFO - Started process (PID=1069) to work on /opt/airflow/dags/sales.py
[2025-03-31T00:07:05.961+0000] {processor.py:914} INFO - Processing file /opt/airflow/dags/sales.py for tasks to queue
[2025-03-31T00:07:05.967+0000] {logging_mixin.py:190} INFO - [2025-03-31T00:07:05.966+0000] {dagbag.py:588} INFO - Filling up the DagBag from /opt/airflow/dags/sales.py
[2025-03-31T00:07:05.988+0000] {processor.py:925} INFO - DAG(s) 'sales_data' retrieved from /opt/airflow/dags/sales.py
[2025-03-31T00:07:06.054+0000] {logging_mixin.py:190} INFO - [2025-03-31T00:07:06.054+0000] {dag.py:3239} INFO - Sync 1 DAGs
[2025-03-31T00:07:06.086+0000] {logging_mixin.py:190} INFO - [2025-03-31T00:07:06.086+0000] {dag.py:4180} INFO - Setting next_dagrun for sales_data to 2025-03-31 00:00:00+00:00, run_after=2025-04-01 00:00:00+00:00
[2025-03-31T00:07:06.104+0000] {processor.py:208} INFO - Processing /opt/airflow/dags/sales.py took 0.172 seconds
[2025-03-31T00:07:36.723+0000] {processor.py:186} INFO - Started process (PID=1090) to work on /opt/airflow/dags/sales.py
[2025-03-31T00:07:36.725+0000] {processor.py:914} INFO - Processing file /opt/airflow/dags/sales.py for tasks to queue
[2025-03-31T00:07:36.738+0000] {logging_mixin.py:190} INFO - [2025-03-31T00:07:36.736+0000] {dagbag.py:588} INFO - Filling up the DagBag from /opt/airflow/dags/sales.py
[2025-03-31T00:07:36.777+0000] {processor.py:925} INFO - DAG(s) 'sales_data' retrieved from /opt/airflow/dags/sales.py
[2025-03-31T00:07:36.814+0000] {logging_mixin.py:190} INFO - [2025-03-31T00:07:36.814+0000] {dag.py:3239} INFO - Sync 1 DAGs
[2025-03-31T00:07:36.843+0000] {logging_mixin.py:190} INFO - [2025-03-31T00:07:36.843+0000] {dag.py:4180} INFO - Setting next_dagrun for sales_data to 2025-03-31 00:00:00+00:00, run_after=2025-04-01 00:00:00+00:00
[2025-03-31T00:07:36.858+0000] {processor.py:208} INFO - Processing /opt/airflow/dags/sales.py took 0.156 seconds
[2025-03-31T00:08:07.119+0000] {processor.py:186} INFO - Started process (PID=1119) to work on /opt/airflow/dags/sales.py
[2025-03-31T00:08:07.120+0000] {processor.py:914} INFO - Processing file /opt/airflow/dags/sales.py for tasks to queue
[2025-03-31T00:08:07.125+0000] {logging_mixin.py:190} INFO - [2025-03-31T00:08:07.124+0000] {dagbag.py:588} INFO - Filling up the DagBag from /opt/airflow/dags/sales.py
[2025-03-31T00:08:07.141+0000] {processor.py:925} INFO - DAG(s) 'sales_data' retrieved from /opt/airflow/dags/sales.py
[2025-03-31T00:08:07.170+0000] {logging_mixin.py:190} INFO - [2025-03-31T00:08:07.170+0000] {dag.py:3239} INFO - Sync 1 DAGs
[2025-03-31T00:08:07.200+0000] {logging_mixin.py:190} INFO - [2025-03-31T00:08:07.200+0000] {dag.py:4180} INFO - Setting next_dagrun for sales_data to 2025-03-31 00:00:00+00:00, run_after=2025-04-01 00:00:00+00:00
[2025-03-31T00:08:07.209+0000] {processor.py:208} INFO - Processing /opt/airflow/dags/sales.py took 0.105 seconds
[2025-03-31T00:08:37.618+0000] {processor.py:186} INFO - Started process (PID=1139) to work on /opt/airflow/dags/sales.py
[2025-03-31T00:08:37.620+0000] {processor.py:914} INFO - Processing file /opt/airflow/dags/sales.py for tasks to queue
[2025-03-31T00:08:37.626+0000] {logging_mixin.py:190} INFO - [2025-03-31T00:08:37.625+0000] {dagbag.py:588} INFO - Filling up the DagBag from /opt/airflow/dags/sales.py
[2025-03-31T00:08:37.644+0000] {processor.py:925} INFO - DAG(s) 'sales_data' retrieved from /opt/airflow/dags/sales.py
[2025-03-31T00:08:37.690+0000] {logging_mixin.py:190} INFO - [2025-03-31T00:08:37.689+0000] {dag.py:3239} INFO - Sync 1 DAGs
[2025-03-31T00:08:37.708+0000] {logging_mixin.py:190} INFO - [2025-03-31T00:08:37.708+0000] {dag.py:4180} INFO - Setting next_dagrun for sales_data to 2025-03-31 00:00:00+00:00, run_after=2025-04-01 00:00:00+00:00
[2025-03-31T00:08:37.719+0000] {processor.py:208} INFO - Processing /opt/airflow/dags/sales.py took 0.120 seconds
[2025-03-31T00:09:07.997+0000] {processor.py:186} INFO - Started process (PID=1168) to work on /opt/airflow/dags/sales.py
[2025-03-31T00:09:07.999+0000] {processor.py:914} INFO - Processing file /opt/airflow/dags/sales.py for tasks to queue
[2025-03-31T00:09:08.003+0000] {logging_mixin.py:190} INFO - [2025-03-31T00:09:08.003+0000] {dagbag.py:588} INFO - Filling up the DagBag from /opt/airflow/dags/sales.py
[2025-03-31T00:09:08.031+0000] {processor.py:925} INFO - DAG(s) 'sales_data' retrieved from /opt/airflow/dags/sales.py
[2025-03-31T00:09:08.059+0000] {logging_mixin.py:190} INFO - [2025-03-31T00:09:08.059+0000] {dag.py:3239} INFO - Sync 1 DAGs
[2025-03-31T00:09:08.075+0000] {logging_mixin.py:190} INFO - [2025-03-31T00:09:08.075+0000] {dag.py:4180} INFO - Setting next_dagrun for sales_data to 2025-03-31 00:00:00+00:00, run_after=2025-04-01 00:00:00+00:00
[2025-03-31T00:09:08.085+0000] {processor.py:208} INFO - Processing /opt/airflow/dags/sales.py took 0.103 seconds
[2025-03-31T00:09:38.444+0000] {processor.py:186} INFO - Started process (PID=1197) to work on /opt/airflow/dags/sales.py
[2025-03-31T00:09:38.446+0000] {processor.py:914} INFO - Processing file /opt/airflow/dags/sales.py for tasks to queue
[2025-03-31T00:09:38.449+0000] {logging_mixin.py:190} INFO - [2025-03-31T00:09:38.448+0000] {dagbag.py:588} INFO - Filling up the DagBag from /opt/airflow/dags/sales.py
[2025-03-31T00:09:38.456+0000] {processor.py:925} INFO - DAG(s) 'sales_data' retrieved from /opt/airflow/dags/sales.py
[2025-03-31T00:09:38.475+0000] {logging_mixin.py:190} INFO - [2025-03-31T00:09:38.475+0000] {dag.py:3239} INFO - Sync 1 DAGs
[2025-03-31T00:09:38.486+0000] {logging_mixin.py:190} INFO - [2025-03-31T00:09:38.486+0000] {dag.py:4180} INFO - Setting next_dagrun for sales_data to 2025-03-31 00:00:00+00:00, run_after=2025-04-01 00:00:00+00:00
[2025-03-31T00:09:38.494+0000] {processor.py:208} INFO - Processing /opt/airflow/dags/sales.py took 0.060 seconds
[2025-03-31T00:10:08.883+0000] {processor.py:186} INFO - Started process (PID=1217) to work on /opt/airflow/dags/sales.py
[2025-03-31T00:10:08.884+0000] {processor.py:914} INFO - Processing file /opt/airflow/dags/sales.py for tasks to queue
[2025-03-31T00:10:08.888+0000] {logging_mixin.py:190} INFO - [2025-03-31T00:10:08.887+0000] {dagbag.py:588} INFO - Filling up the DagBag from /opt/airflow/dags/sales.py
[2025-03-31T00:10:08.914+0000] {processor.py:925} INFO - DAG(s) 'sales_data' retrieved from /opt/airflow/dags/sales.py
[2025-03-31T00:10:08.950+0000] {logging_mixin.py:190} INFO - [2025-03-31T00:10:08.950+0000] {dag.py:3239} INFO - Sync 1 DAGs
[2025-03-31T00:10:08.968+0000] {logging_mixin.py:190} INFO - [2025-03-31T00:10:08.968+0000] {dag.py:4180} INFO - Setting next_dagrun for sales_data to 2025-03-31 00:00:00+00:00, run_after=2025-04-01 00:00:00+00:00
[2025-03-31T00:10:08.978+0000] {processor.py:208} INFO - Processing /opt/airflow/dags/sales.py took 0.113 seconds
[2025-03-31T00:10:39.302+0000] {processor.py:186} INFO - Started process (PID=1246) to work on /opt/airflow/dags/sales.py
[2025-03-31T00:10:39.303+0000] {processor.py:914} INFO - Processing file /opt/airflow/dags/sales.py for tasks to queue
[2025-03-31T00:10:39.307+0000] {logging_mixin.py:190} INFO - [2025-03-31T00:10:39.306+0000] {dagbag.py:588} INFO - Filling up the DagBag from /opt/airflow/dags/sales.py
[2025-03-31T00:10:39.324+0000] {processor.py:925} INFO - DAG(s) 'sales_data' retrieved from /opt/airflow/dags/sales.py
[2025-03-31T00:10:39.364+0000] {logging_mixin.py:190} INFO - [2025-03-31T00:10:39.364+0000] {dag.py:3239} INFO - Sync 1 DAGs
[2025-03-31T00:10:39.380+0000] {logging_mixin.py:190} INFO - [2025-03-31T00:10:39.380+0000] {dag.py:4180} INFO - Setting next_dagrun for sales_data to 2025-03-31 00:00:00+00:00, run_after=2025-04-01 00:00:00+00:00
[2025-03-31T00:10:39.390+0000] {processor.py:208} INFO - Processing /opt/airflow/dags/sales.py took 0.110 seconds
[2025-03-31T00:11:09.739+0000] {processor.py:186} INFO - Started process (PID=1267) to work on /opt/airflow/dags/sales.py
[2025-03-31T00:11:09.740+0000] {processor.py:914} INFO - Processing file /opt/airflow/dags/sales.py for tasks to queue
[2025-03-31T00:11:09.745+0000] {logging_mixin.py:190} INFO - [2025-03-31T00:11:09.744+0000] {dagbag.py:588} INFO - Filling up the DagBag from /opt/airflow/dags/sales.py
[2025-03-31T00:11:09.761+0000] {processor.py:925} INFO - DAG(s) 'sales_data' retrieved from /opt/airflow/dags/sales.py
[2025-03-31T00:11:09.788+0000] {logging_mixin.py:190} INFO - [2025-03-31T00:11:09.788+0000] {dag.py:3239} INFO - Sync 1 DAGs
[2025-03-31T00:11:09.813+0000] {logging_mixin.py:190} INFO - [2025-03-31T00:11:09.813+0000] {dag.py:4180} INFO - Setting next_dagrun for sales_data to 2025-03-31 00:00:00+00:00, run_after=2025-04-01 00:00:00+00:00
[2025-03-31T00:11:09.823+0000] {processor.py:208} INFO - Processing /opt/airflow/dags/sales.py took 0.103 seconds
[2025-03-31T00:11:40.009+0000] {processor.py:186} INFO - Started process (PID=1296) to work on /opt/airflow/dags/sales.py
[2025-03-31T00:11:40.011+0000] {processor.py:914} INFO - Processing file /opt/airflow/dags/sales.py for tasks to queue
[2025-03-31T00:11:40.014+0000] {logging_mixin.py:190} INFO - [2025-03-31T00:11:40.013+0000] {dagbag.py:588} INFO - Filling up the DagBag from /opt/airflow/dags/sales.py
[2025-03-31T00:11:40.026+0000] {processor.py:925} INFO - DAG(s) 'sales_data' retrieved from /opt/airflow/dags/sales.py
[2025-03-31T00:11:40.068+0000] {logging_mixin.py:190} INFO - [2025-03-31T00:11:40.068+0000] {dag.py:3239} INFO - Sync 1 DAGs
[2025-03-31T00:11:40.084+0000] {logging_mixin.py:190} INFO - [2025-03-31T00:11:40.083+0000] {dag.py:4180} INFO - Setting next_dagrun for sales_data to 2025-03-31 00:00:00+00:00, run_after=2025-04-01 00:00:00+00:00
[2025-03-31T00:11:40.094+0000] {processor.py:208} INFO - Processing /opt/airflow/dags/sales.py took 0.094 seconds
[2025-03-31T00:12:10.400+0000] {processor.py:186} INFO - Started process (PID=1326) to work on /opt/airflow/dags/sales.py
[2025-03-31T00:12:10.401+0000] {processor.py:914} INFO - Processing file /opt/airflow/dags/sales.py for tasks to queue
[2025-03-31T00:12:10.404+0000] {logging_mixin.py:190} INFO - [2025-03-31T00:12:10.404+0000] {dagbag.py:588} INFO - Filling up the DagBag from /opt/airflow/dags/sales.py
[2025-03-31T00:12:10.421+0000] {processor.py:925} INFO - DAG(s) 'sales_data' retrieved from /opt/airflow/dags/sales.py
[2025-03-31T00:12:10.451+0000] {logging_mixin.py:190} INFO - [2025-03-31T00:12:10.451+0000] {dag.py:3239} INFO - Sync 1 DAGs
[2025-03-31T00:12:10.484+0000] {logging_mixin.py:190} INFO - [2025-03-31T00:12:10.484+0000] {dag.py:4180} INFO - Setting next_dagrun for sales_data to 2025-03-31 00:00:00+00:00, run_after=2025-04-01 00:00:00+00:00
[2025-03-31T00:12:10.498+0000] {processor.py:208} INFO - Processing /opt/airflow/dags/sales.py took 0.126 seconds
[2025-03-31T00:12:40.798+0000] {processor.py:186} INFO - Started process (PID=1347) to work on /opt/airflow/dags/sales.py
[2025-03-31T00:12:40.799+0000] {processor.py:914} INFO - Processing file /opt/airflow/dags/sales.py for tasks to queue
[2025-03-31T00:12:40.804+0000] {logging_mixin.py:190} INFO - [2025-03-31T00:12:40.804+0000] {dagbag.py:588} INFO - Filling up the DagBag from /opt/airflow/dags/sales.py
[2025-03-31T00:12:40.842+0000] {processor.py:925} INFO - DAG(s) 'sales_data' retrieved from /opt/airflow/dags/sales.py
[2025-03-31T00:12:40.870+0000] {logging_mixin.py:190} INFO - [2025-03-31T00:12:40.870+0000] {dag.py:3239} INFO - Sync 1 DAGs
[2025-03-31T00:12:40.885+0000] {logging_mixin.py:190} INFO - [2025-03-31T00:12:40.885+0000] {dag.py:4180} INFO - Setting next_dagrun for sales_data to 2025-03-31 00:00:00+00:00, run_after=2025-04-01 00:00:00+00:00
[2025-03-31T00:12:40.894+0000] {processor.py:208} INFO - Processing /opt/airflow/dags/sales.py took 0.112 seconds
[2025-03-31T00:13:11.217+0000] {processor.py:186} INFO - Started process (PID=1376) to work on /opt/airflow/dags/sales.py
[2025-03-31T00:13:11.219+0000] {processor.py:914} INFO - Processing file /opt/airflow/dags/sales.py for tasks to queue
[2025-03-31T00:13:11.223+0000] {logging_mixin.py:190} INFO - [2025-03-31T00:13:11.223+0000] {dagbag.py:588} INFO - Filling up the DagBag from /opt/airflow/dags/sales.py
[2025-03-31T00:13:11.242+0000] {processor.py:925} INFO - DAG(s) 'sales_data' retrieved from /opt/airflow/dags/sales.py
[2025-03-31T00:13:11.271+0000] {logging_mixin.py:190} INFO - [2025-03-31T00:13:11.271+0000] {dag.py:3239} INFO - Sync 1 DAGs
[2025-03-31T00:13:11.294+0000] {logging_mixin.py:190} INFO - [2025-03-31T00:13:11.294+0000] {dag.py:4180} INFO - Setting next_dagrun for sales_data to 2025-03-31 00:00:00+00:00, run_after=2025-04-01 00:00:00+00:00
[2025-03-31T00:13:11.303+0000] {processor.py:208} INFO - Processing /opt/airflow/dags/sales.py took 0.104 seconds
[2025-03-31T00:13:41.688+0000] {processor.py:186} INFO - Started process (PID=1398) to work on /opt/airflow/dags/sales.py
[2025-03-31T00:13:41.690+0000] {processor.py:914} INFO - Processing file /opt/airflow/dags/sales.py for tasks to queue
[2025-03-31T00:13:41.697+0000] {logging_mixin.py:190} INFO - [2025-03-31T00:13:41.696+0000] {dagbag.py:588} INFO - Filling up the DagBag from /opt/airflow/dags/sales.py
[2025-03-31T00:13:41.716+0000] {processor.py:925} INFO - DAG(s) 'sales_data' retrieved from /opt/airflow/dags/sales.py
[2025-03-31T00:13:41.748+0000] {logging_mixin.py:190} INFO - [2025-03-31T00:13:41.748+0000] {dag.py:3239} INFO - Sync 1 DAGs
[2025-03-31T00:13:41.770+0000] {logging_mixin.py:190} INFO - [2025-03-31T00:13:41.769+0000] {dag.py:4180} INFO - Setting next_dagrun for sales_data to 2025-03-31 00:00:00+00:00, run_after=2025-04-01 00:00:00+00:00
[2025-03-31T00:13:41.781+0000] {processor.py:208} INFO - Processing /opt/airflow/dags/sales.py took 0.114 seconds
[2025-03-31T00:14:12.064+0000] {processor.py:186} INFO - Started process (PID=1427) to work on /opt/airflow/dags/sales.py
[2025-03-31T00:14:12.065+0000] {processor.py:914} INFO - Processing file /opt/airflow/dags/sales.py for tasks to queue
[2025-03-31T00:14:12.069+0000] {logging_mixin.py:190} INFO - [2025-03-31T00:14:12.069+0000] {dagbag.py:588} INFO - Filling up the DagBag from /opt/airflow/dags/sales.py
[2025-03-31T00:14:12.083+0000] {processor.py:925} INFO - DAG(s) 'sales_data' retrieved from /opt/airflow/dags/sales.py
[2025-03-31T00:14:12.109+0000] {logging_mixin.py:190} INFO - [2025-03-31T00:14:12.108+0000] {dag.py:3239} INFO - Sync 1 DAGs
[2025-03-31T00:14:12.123+0000] {logging_mixin.py:190} INFO - [2025-03-31T00:14:12.123+0000] {dag.py:4180} INFO - Setting next_dagrun for sales_data to 2025-03-31 00:00:00+00:00, run_after=2025-04-01 00:00:00+00:00
[2025-03-31T00:14:12.137+0000] {processor.py:208} INFO - Processing /opt/airflow/dags/sales.py took 0.086 seconds
[2025-03-31T00:14:42.428+0000] {processor.py:186} INFO - Started process (PID=1456) to work on /opt/airflow/dags/sales.py
[2025-03-31T00:14:42.429+0000] {processor.py:914} INFO - Processing file /opt/airflow/dags/sales.py for tasks to queue
[2025-03-31T00:14:42.434+0000] {logging_mixin.py:190} INFO - [2025-03-31T00:14:42.433+0000] {dagbag.py:588} INFO - Filling up the DagBag from /opt/airflow/dags/sales.py
[2025-03-31T00:14:42.451+0000] {processor.py:925} INFO - DAG(s) 'sales_data' retrieved from /opt/airflow/dags/sales.py
[2025-03-31T00:14:42.510+0000] {logging_mixin.py:190} INFO - [2025-03-31T00:14:42.510+0000] {dag.py:3239} INFO - Sync 1 DAGs
[2025-03-31T00:14:42.538+0000] {logging_mixin.py:190} INFO - [2025-03-31T00:14:42.538+0000] {dag.py:4180} INFO - Setting next_dagrun for sales_data to 2025-03-31 00:00:00+00:00, run_after=2025-04-01 00:00:00+00:00
[2025-03-31T00:14:42.551+0000] {processor.py:208} INFO - Processing /opt/airflow/dags/sales.py took 0.137 seconds
[2025-03-31T00:15:12.936+0000] {processor.py:186} INFO - Started process (PID=1477) to work on /opt/airflow/dags/sales.py
[2025-03-31T00:15:12.937+0000] {processor.py:914} INFO - Processing file /opt/airflow/dags/sales.py for tasks to queue
[2025-03-31T00:15:12.941+0000] {logging_mixin.py:190} INFO - [2025-03-31T00:15:12.940+0000] {dagbag.py:588} INFO - Filling up the DagBag from /opt/airflow/dags/sales.py
[2025-03-31T00:15:12.972+0000] {processor.py:925} INFO - DAG(s) 'sales_data' retrieved from /opt/airflow/dags/sales.py
[2025-03-31T00:15:13.005+0000] {logging_mixin.py:190} INFO - [2025-03-31T00:15:13.005+0000] {dag.py:3239} INFO - Sync 1 DAGs
[2025-03-31T00:15:13.021+0000] {logging_mixin.py:190} INFO - [2025-03-31T00:15:13.021+0000] {dag.py:4180} INFO - Setting next_dagrun for sales_data to 2025-03-31 00:00:00+00:00, run_after=2025-04-01 00:00:00+00:00
[2025-03-31T00:15:13.031+0000] {processor.py:208} INFO - Processing /opt/airflow/dags/sales.py took 0.108 seconds
[2025-03-31T00:15:43.349+0000] {processor.py:186} INFO - Started process (PID=1506) to work on /opt/airflow/dags/sales.py
[2025-03-31T00:15:43.351+0000] {processor.py:914} INFO - Processing file /opt/airflow/dags/sales.py for tasks to queue
[2025-03-31T00:15:43.356+0000] {logging_mixin.py:190} INFO - [2025-03-31T00:15:43.355+0000] {dagbag.py:588} INFO - Filling up the DagBag from /opt/airflow/dags/sales.py
[2025-03-31T00:15:43.390+0000] {processor.py:925} INFO - DAG(s) 'sales_data' retrieved from /opt/airflow/dags/sales.py
[2025-03-31T00:15:43.424+0000] {logging_mixin.py:190} INFO - [2025-03-31T00:15:43.424+0000] {dag.py:3239} INFO - Sync 1 DAGs
[2025-03-31T00:15:43.444+0000] {logging_mixin.py:190} INFO - [2025-03-31T00:15:43.444+0000] {dag.py:4180} INFO - Setting next_dagrun for sales_data to 2025-03-31 00:00:00+00:00, run_after=2025-04-01 00:00:00+00:00
[2025-03-31T00:15:43.453+0000] {processor.py:208} INFO - Processing /opt/airflow/dags/sales.py took 0.120 seconds
[2025-03-31T00:16:13.826+0000] {processor.py:186} INFO - Started process (PID=1527) to work on /opt/airflow/dags/sales.py
[2025-03-31T00:16:13.828+0000] {processor.py:914} INFO - Processing file /opt/airflow/dags/sales.py for tasks to queue
[2025-03-31T00:16:13.834+0000] {logging_mixin.py:190} INFO - [2025-03-31T00:16:13.833+0000] {dagbag.py:588} INFO - Filling up the DagBag from /opt/airflow/dags/sales.py
[2025-03-31T00:16:13.873+0000] {processor.py:925} INFO - DAG(s) 'sales_data' retrieved from /opt/airflow/dags/sales.py
[2025-03-31T00:16:13.907+0000] {logging_mixin.py:190} INFO - [2025-03-31T00:16:13.906+0000] {dag.py:3239} INFO - Sync 1 DAGs
[2025-03-31T00:16:13.932+0000] {logging_mixin.py:190} INFO - [2025-03-31T00:16:13.932+0000] {dag.py:4180} INFO - Setting next_dagrun for sales_data to 2025-03-31 00:00:00+00:00, run_after=2025-04-01 00:00:00+00:00
[2025-03-31T00:16:13.943+0000] {processor.py:208} INFO - Processing /opt/airflow/dags/sales.py took 0.150 seconds
[2025-03-31T00:16:44.314+0000] {processor.py:186} INFO - Started process (PID=1556) to work on /opt/airflow/dags/sales.py
[2025-03-31T00:16:44.316+0000] {processor.py:914} INFO - Processing file /opt/airflow/dags/sales.py for tasks to queue
[2025-03-31T00:16:44.325+0000] {logging_mixin.py:190} INFO - [2025-03-31T00:16:44.324+0000] {dagbag.py:588} INFO - Filling up the DagBag from /opt/airflow/dags/sales.py
[2025-03-31T00:16:44.346+0000] {processor.py:925} INFO - DAG(s) 'sales_data' retrieved from /opt/airflow/dags/sales.py
[2025-03-31T00:16:44.379+0000] {logging_mixin.py:190} INFO - [2025-03-31T00:16:44.379+0000] {dag.py:3239} INFO - Sync 1 DAGs
[2025-03-31T00:16:44.396+0000] {logging_mixin.py:190} INFO - [2025-03-31T00:16:44.396+0000] {dag.py:4180} INFO - Setting next_dagrun for sales_data to 2025-03-31 00:00:00+00:00, run_after=2025-04-01 00:00:00+00:00
[2025-03-31T00:16:44.419+0000] {processor.py:208} INFO - Processing /opt/airflow/dags/sales.py took 0.134 seconds
[2025-03-31T00:17:14.815+0000] {processor.py:186} INFO - Started process (PID=1577) to work on /opt/airflow/dags/sales.py
[2025-03-31T00:17:14.816+0000] {processor.py:914} INFO - Processing file /opt/airflow/dags/sales.py for tasks to queue
[2025-03-31T00:17:14.820+0000] {logging_mixin.py:190} INFO - [2025-03-31T00:17:14.819+0000] {dagbag.py:588} INFO - Filling up the DagBag from /opt/airflow/dags/sales.py
[2025-03-31T00:17:14.837+0000] {processor.py:925} INFO - DAG(s) 'sales_data' retrieved from /opt/airflow/dags/sales.py
[2025-03-31T00:17:14.869+0000] {logging_mixin.py:190} INFO - [2025-03-31T00:17:14.869+0000] {dag.py:3239} INFO - Sync 1 DAGs
[2025-03-31T00:17:14.887+0000] {logging_mixin.py:190} INFO - [2025-03-31T00:17:14.887+0000] {dag.py:4180} INFO - Setting next_dagrun for sales_data to 2025-03-31 00:00:00+00:00, run_after=2025-04-01 00:00:00+00:00
[2025-03-31T00:17:14.906+0000] {processor.py:208} INFO - Processing /opt/airflow/dags/sales.py took 0.138 seconds
[2025-03-31T00:17:45.155+0000] {processor.py:186} INFO - Started process (PID=1606) to work on /opt/airflow/dags/sales.py
[2025-03-31T00:17:45.157+0000] {processor.py:914} INFO - Processing file /opt/airflow/dags/sales.py for tasks to queue
[2025-03-31T00:17:45.161+0000] {logging_mixin.py:190} INFO - [2025-03-31T00:17:45.160+0000] {dagbag.py:588} INFO - Filling up the DagBag from /opt/airflow/dags/sales.py
[2025-03-31T00:17:45.175+0000] {processor.py:925} INFO - DAG(s) 'sales_data' retrieved from /opt/airflow/dags/sales.py
[2025-03-31T00:17:45.208+0000] {logging_mixin.py:190} INFO - [2025-03-31T00:17:45.208+0000] {dag.py:3239} INFO - Sync 1 DAGs
[2025-03-31T00:17:45.239+0000] {logging_mixin.py:190} INFO - [2025-03-31T00:17:45.238+0000] {dag.py:4180} INFO - Setting next_dagrun for sales_data to 2025-03-31 00:00:00+00:00, run_after=2025-04-01 00:00:00+00:00
[2025-03-31T00:17:45.249+0000] {processor.py:208} INFO - Processing /opt/airflow/dags/sales.py took 0.107 seconds
[2025-03-31T00:18:15.641+0000] {processor.py:186} INFO - Started process (PID=1634) to work on /opt/airflow/dags/sales.py
[2025-03-31T00:18:15.643+0000] {processor.py:914} INFO - Processing file /opt/airflow/dags/sales.py for tasks to queue
[2025-03-31T00:18:15.649+0000] {logging_mixin.py:190} INFO - [2025-03-31T00:18:15.648+0000] {dagbag.py:588} INFO - Filling up the DagBag from /opt/airflow/dags/sales.py
[2025-03-31T00:18:15.678+0000] {processor.py:925} INFO - DAG(s) 'sales_data' retrieved from /opt/airflow/dags/sales.py
[2025-03-31T00:18:15.715+0000] {logging_mixin.py:190} INFO - [2025-03-31T00:18:15.715+0000] {dag.py:3239} INFO - Sync 1 DAGs
[2025-03-31T00:18:15.735+0000] {logging_mixin.py:190} INFO - [2025-03-31T00:18:15.734+0000] {dag.py:4180} INFO - Setting next_dagrun for sales_data to 2025-03-31 00:00:00+00:00, run_after=2025-04-01 00:00:00+00:00
[2025-03-31T00:18:15.746+0000] {processor.py:208} INFO - Processing /opt/airflow/dags/sales.py took 0.116 seconds
[2025-03-31T00:18:46.034+0000] {processor.py:186} INFO - Started process (PID=1656) to work on /opt/airflow/dags/sales.py
[2025-03-31T00:18:46.036+0000] {processor.py:914} INFO - Processing file /opt/airflow/dags/sales.py for tasks to queue
[2025-03-31T00:18:46.041+0000] {logging_mixin.py:190} INFO - [2025-03-31T00:18:46.040+0000] {dagbag.py:588} INFO - Filling up the DagBag from /opt/airflow/dags/sales.py
[2025-03-31T00:18:46.075+0000] {processor.py:925} INFO - DAG(s) 'sales_data' retrieved from /opt/airflow/dags/sales.py
[2025-03-31T00:18:46.110+0000] {logging_mixin.py:190} INFO - [2025-03-31T00:18:46.110+0000] {dag.py:3239} INFO - Sync 1 DAGs
[2025-03-31T00:18:46.131+0000] {logging_mixin.py:190} INFO - [2025-03-31T00:18:46.131+0000] {dag.py:4180} INFO - Setting next_dagrun for sales_data to 2025-03-31 00:00:00+00:00, run_after=2025-04-01 00:00:00+00:00
[2025-03-31T00:18:46.143+0000] {processor.py:208} INFO - Processing /opt/airflow/dags/sales.py took 0.124 seconds
[2025-03-31T00:19:16.412+0000] {processor.py:186} INFO - Started process (PID=1686) to work on /opt/airflow/dags/sales.py
[2025-03-31T00:19:16.414+0000] {processor.py:914} INFO - Processing file /opt/airflow/dags/sales.py for tasks to queue
[2025-03-31T00:19:16.418+0000] {logging_mixin.py:190} INFO - [2025-03-31T00:19:16.418+0000] {dagbag.py:588} INFO - Filling up the DagBag from /opt/airflow/dags/sales.py
[2025-03-31T00:19:16.440+0000] {processor.py:925} INFO - DAG(s) 'sales_data' retrieved from /opt/airflow/dags/sales.py
[2025-03-31T00:19:16.648+0000] {logging_mixin.py:190} INFO - [2025-03-31T00:19:16.648+0000] {dag.py:3239} INFO - Sync 1 DAGs
[2025-03-31T00:19:16.672+0000] {logging_mixin.py:190} INFO - [2025-03-31T00:19:16.672+0000] {dag.py:4180} INFO - Setting next_dagrun for sales_data to 2025-03-31 00:00:00+00:00, run_after=2025-04-01 00:00:00+00:00
[2025-03-31T00:19:16.685+0000] {processor.py:208} INFO - Processing /opt/airflow/dags/sales.py took 0.285 seconds
[2025-03-31T00:19:46.828+0000] {processor.py:186} INFO - Started process (PID=1707) to work on /opt/airflow/dags/sales.py
[2025-03-31T00:19:46.831+0000] {processor.py:914} INFO - Processing file /opt/airflow/dags/sales.py for tasks to queue
[2025-03-31T00:19:46.835+0000] {logging_mixin.py:190} INFO - [2025-03-31T00:19:46.835+0000] {dagbag.py:588} INFO - Filling up the DagBag from /opt/airflow/dags/sales.py
[2025-03-31T00:19:46.855+0000] {processor.py:925} INFO - DAG(s) 'sales_data' retrieved from /opt/airflow/dags/sales.py
[2025-03-31T00:19:46.901+0000] {logging_mixin.py:190} INFO - [2025-03-31T00:19:46.901+0000] {dag.py:3239} INFO - Sync 1 DAGs
[2025-03-31T00:19:46.922+0000] {logging_mixin.py:190} INFO - [2025-03-31T00:19:46.921+0000] {dag.py:4180} INFO - Setting next_dagrun for sales_data to 2025-03-31 00:00:00+00:00, run_after=2025-04-01 00:00:00+00:00
[2025-03-31T00:19:46.932+0000] {processor.py:208} INFO - Processing /opt/airflow/dags/sales.py took 0.119 seconds
[2025-03-31T00:20:17.153+0000] {processor.py:186} INFO - Started process (PID=1736) to work on /opt/airflow/dags/sales.py
[2025-03-31T00:20:17.156+0000] {processor.py:914} INFO - Processing file /opt/airflow/dags/sales.py for tasks to queue
[2025-03-31T00:20:17.161+0000] {logging_mixin.py:190} INFO - [2025-03-31T00:20:17.160+0000] {dagbag.py:588} INFO - Filling up the DagBag from /opt/airflow/dags/sales.py
[2025-03-31T00:20:17.179+0000] {processor.py:925} INFO - DAG(s) 'sales_data' retrieved from /opt/airflow/dags/sales.py
[2025-03-31T00:20:17.212+0000] {logging_mixin.py:190} INFO - [2025-03-31T00:20:17.212+0000] {dag.py:3239} INFO - Sync 1 DAGs
[2025-03-31T00:20:17.231+0000] {logging_mixin.py:190} INFO - [2025-03-31T00:20:17.230+0000] {dag.py:4180} INFO - Setting next_dagrun for sales_data to 2025-03-31 00:00:00+00:00, run_after=2025-04-01 00:00:00+00:00
[2025-03-31T00:20:17.242+0000] {processor.py:208} INFO - Processing /opt/airflow/dags/sales.py took 0.105 seconds
